#
# There is insufficient memory for the Java Runtime Environment to continue.
# Native memory allocation (malloc) failed to allocate 196496 bytes for Chunk::new
# Possible reasons:
#   The system is out of physical RAM or swap space
#   In 32 bit mode, the process size limit was hit
# Possible solutions:
#   Reduce memory load on the system
#   Increase physical memory or swap space
#   Check if swap backing store is full
#   Use 64 bit Java on a 64 bit OS
#   Decrease Java heap size (-Xmx/-Xms)
#   Decrease number of Java threads
#   Decrease Java thread stack sizes (-Xss)
#   Set larger code cache with -XX:ReservedCodeCacheSize=
# This output file may be truncated or incomplete.
#
#  Out of Memory Error (allocation.cpp:390), pid=6776, tid=0x00000000000014a4
#
# JRE version: Java(TM) SE Runtime Environment (8.0_151-b12) (build 1.8.0_151-b12)
# Java VM: Java HotSpot(TM) 64-Bit Server VM (25.151-b12 mixed mode windows-amd64 compressed oops)
# Failed to write core dump. Minidumps are not enabled by default on client versions of Windows
#

---------------  T H R E A D  ---------------

Current thread (0x00000000566ea800):  JavaThread "C2 CompilerThread0" daemon [_thread_in_native, id=5284, stack(0x0000000056b60000,0x0000000056c60000)]

Stack: [0x0000000056b60000,0x0000000056c60000]
[error occurred during error reporting (printing stack bounds), id 0xc0000005]

Native frames: (J=compiled Java code, j=interpreted, Vv=VM code, C=native code)


Current CompileTask:
C2:   2665  745       4       java.io.DataOutputStream::writeUTF (435 bytes)


---------------  P R O C E S S  ---------------

Java Threads: ( => current thread )
  0x0000000056763800 JavaThread "Service Thread" daemon [_thread_blocked, id=4168, stack(0x0000000056ec0000,0x0000000056fc0000)]
  0x0000000056746800 JavaThread "C1 CompilerThread1" daemon [_thread_blocked, id=7460, stack(0x0000000056c70000,0x0000000056d70000)]
=>0x00000000566ea800 JavaThread "C2 CompilerThread0" daemon [_thread_in_native, id=5284, stack(0x0000000056b60000,0x0000000056c60000)]
  0x0000000056671000 JavaThread "Monitor Ctrl-Break" daemon [_thread_in_native, id=6756, stack(0x0000000056950000,0x0000000056a50000)]
  0x000000005550c800 JavaThread "Attach Listener" daemon [_thread_blocked, id=1616, stack(0x0000000056420000,0x0000000056520000)]
  0x00000000554f4800 JavaThread "Signal Dispatcher" daemon [_thread_blocked, id=5452, stack(0x0000000056270000,0x0000000056370000)]
  0x00000000554e0800 JavaThread "Finalizer" daemon [_thread_blocked, id=6864, stack(0x0000000055d70000,0x0000000055e70000)]
  0x0000000055497800 JavaThread "Reference Handler" daemon [_thread_blocked, id=6472, stack(0x0000000055fe0000,0x00000000560e0000)]
  0x0000000001d20800 JavaThread "main" [_thread_blocked, id=6376, stack(0x00000000021b0000,0x00000000022b0000)]

Other Threads:
  0x000000005548f800 VMThread [stack: 0x0000000055e70000,0x0000000055f70000] [id=6708]
  0x00000000567d8000 WatcherThread [stack: 0x0000000057010000,0x0000000057110000] [id=8012]

VM state:at safepoint (normal execution)

VM Mutex/Monitor currently owned by a thread:  ([mutex/lock_event])
[0x00000000022ee750] Threads_lock - owner thread: 0x000000005548f800
[0x00000000022eec50] Heap_lock - owner thread: 0x0000000001d20800

Heap:
 PSYoungGen      total 35328K, used 27914K [0x00000000eb300000, 0x00000000ed800000, 0x0000000100000000)
  eden space 32768K, 81% used [0x00000000eb300000,0x00000000ecd311d0,0x00000000ed300000)
  from space 2560K, 42% used [0x00000000ed580000,0x00000000ed6919f8,0x00000000ed800000)
  to   space 2560K, 0% used [0x00000000ed300000,0x00000000ed300000,0x00000000ed580000)
 ParOldGen       total 44032K, used 8K [0x00000000c1800000, 0x00000000c4300000, 0x00000000eb300000)
  object space 44032K, 0% used [0x00000000c1800000,0x00000000c1802000,0x00000000c4300000)
 Metaspace       used 11217K, capacity 11420K, committed 11520K, reserved 1062912K
  class space    used 1400K, capacity 1476K, committed 1536K, reserved 1048576K

Card table byte_map: [0x00000000118e0000,0x0000000011ae0000] byte_map_base: 0x00000000112d4000

Marking Bits: (ParMarkBitMap*) 0x0000000054add850
 Begin Bits: [0x0000000011fc0000, 0x0000000012f60000)
 End Bits:   [0x0000000012f60000, 0x0000000013f00000)

Polling page: 0x0000000000130000

CodeCache: size=245760Kb used=2953Kb max_used=2953Kb free=242806Kb
 bounds [0x0000000002520000, 0x0000000002810000, 0x0000000011520000]
 total_blobs=1105 nmethods=781 adapters=239
 compilation: enabled

Compilation events (10 events):
Event: 2.616 Thread 0x0000000056746800  780       3       sun.reflect.MagicAccessorImpl::<init> (5 bytes)
Event: 2.617 Thread 0x0000000056746800 nmethod 780 0x00000000027fe010 code [0x00000000027fe160, 0x00000000027fe310]
Event: 2.617 Thread 0x0000000056746800  781       3       java.io.WinNTFileSystem::normalizePrefix (132 bytes)
Event: 2.620 Thread 0x0000000056746800 nmethod 781 0x00000000027fe3d0 code [0x00000000027fe760, 0x0000000002800ce8]
Event: 2.623 Thread 0x0000000056746800  782       3       java.util.concurrent.locks.AbstractQueuedSynchronizer::compareAndSetState (13 bytes)
Event: 2.623 Thread 0x0000000056746800 nmethod 782 0x0000000002802510 code [0x0000000002802660, 0x00000000028027d0]
Event: 2.637 Thread 0x0000000056746800  784       3       java.util.LinkedHashMap$LinkedHashIterator::nextNode (54 bytes)
Event: 2.637 Thread 0x0000000056746800 nmethod 784 0x0000000002802bd0 code [0x0000000002802d60, 0x0000000002803058]
Event: 2.637 Thread 0x0000000056746800  785       3       java.util.LinkedHashMap$LinkedHashIterator::hasNext (13 bytes)
Event: 2.637 Thread 0x0000000056746800 nmethod 785 0x00000000028031d0 code [0x0000000002803320, 0x00000000028034d0]

GC Heap History (5 events):
Event: 1.005 GC heap before
{Heap before GC invocations=1 (full 0):
 PSYoungGen      total 18944K, used 16356K [0x00000000eb300000, 0x00000000ec800000, 0x0000000100000000)
  eden space 16384K, 99% used [0x00000000eb300000,0x00000000ec2f9058,0x00000000ec300000)
  from space 2560K, 0% used [0x00000000ec580000,0x00000000ec580000,0x00000000ec800000)
  to   space 2560K, 0% used [0x00000000ec300000,0x00000000ec300000,0x00000000ec580000)
 ParOldGen       total 44032K, used 0K [0x00000000c1800000, 0x00000000c4300000, 0x00000000eb300000)
  object space 44032K, 0% used [0x00000000c1800000,0x00000000c1800000,0x00000000c4300000)
 Metaspace       used 3506K, capacity 4564K, committed 4864K, reserved 1056768K
  class space    used 382K, capacity 388K, committed 512K, reserved 1048576K
Event: 1.027 GC heap after
Heap after GC invocations=1 (full 0):
 PSYoungGen      total 18944K, used 1207K [0x00000000eb300000, 0x00000000ed800000, 0x0000000100000000)
  eden space 16384K, 0% used [0x00000000eb300000,0x00000000eb300000,0x00000000ec300000)
  from space 2560K, 47% used [0x00000000ec300000,0x00000000ec42dec8,0x00000000ec580000)
  to   space 2560K, 0% used [0x00000000ed580000,0x00000000ed580000,0x00000000ed800000)
 ParOldGen       total 44032K, used 0K [0x00000000c1800000, 0x00000000c4300000, 0x00000000eb300000)
  object space 44032K, 0% used [0x00000000c1800000,0x00000000c1800000,0x00000000c4300000)
 Metaspace       used 3506K, capacity 4564K, committed 4864K, reserved 1056768K
  class space    used 382K, capacity 388K, committed 512K, reserved 1048576K
}
Event: 1.086 GC heap before
{Heap before GC invocations=2 (full 0):
 PSYoungGen      total 18944K, used 17591K [0x00000000eb300000, 0x00000000ed800000, 0x0000000100000000)
  eden space 16384K, 100% used [0x00000000eb300000,0x00000000ec300000,0x00000000ec300000)
  from space 2560K, 47% used [0x00000000ec300000,0x00000000ec42dec8,0x00000000ec580000)
  to   space 2560K, 0% used [0x00000000ed580000,0x00000000ed580000,0x00000000ed800000)
 ParOldGen       total 44032K, used 0K [0x00000000c1800000, 0x00000000c4300000, 0x00000000eb300000)
  object space 44032K, 0% used [0x00000000c1800000,0x00000000c1800000,0x00000000c4300000)
 Metaspace       used 3668K, capacity 4664K, committed 4864K, reserved 1056768K
  class space    used 388K, capacity 424K, committed 512K, reserved 1048576K
Event: 1.089 GC heap after
Heap after GC invocations=2 (full 0):
 PSYoungGen      total 35328K, used 1094K [0x00000000eb300000, 0x00000000ed800000, 0x0000000100000000)
  eden space 32768K, 0% used [0x00000000eb300000,0x00000000eb300000,0x00000000ed300000)
  from space 2560K, 42% used [0x00000000ed580000,0x00000000ed6919f8,0x00000000ed800000)
  to   space 2560K, 0% used [0x00000000ed300000,0x00000000ed300000,0x00000000ed580000)
 ParOldGen       total 44032K, used 8K [0x00000000c1800000, 0x00000000c4300000, 0x00000000eb300000)
  object space 44032K, 0% used [0x00000000c1800000,0x00000000c1802000,0x00000000c4300000)
 Metaspace       used 3668K, capacity 4664K, committed 4864K, reserved 1056768K
  class space    used 388K, capacity 424K, committed 512K, reserved 1048576K
}
Event: 2.654 GC heap before
{Heap before GC invocations=3 (full 0):
 PSYoungGen      total 35328K, used 27914K [0x00000000eb300000, 0x00000000ed800000, 0x0000000100000000)
  eden space 32768K, 81% used [0x00000000eb300000,0x00000000ecd311d0,0x00000000ed300000)
  from space 2560K, 42% used [0x00000000ed580000,0x00000000ed6919f8,0x00000000ed800000)
  to   space 2560K, 0% used [0x00000000ed300000,0x00000000ed300000,0x00000000ed580000)
 ParOldGen       total 44032K, used 8K [0x00000000c1800000, 0x00000000c4300000, 0x00000000eb300000)
  object space 44032K, 0% used [0x00000000c1800000,0x00000000c1802000,0x00000000c4300000)
 Metaspace       used 11217K, capacity 11420K, committed 11520K, reserved 1062912K
  class space    used 1400K, capacity 1476K, committed 1536K, reserved 1048576K

Deoptimization events (2 events):
Event: 2.418 Thread 0x0000000001d20800 Uncommon trap: reason=unstable_if action=reinterpret pc=0x00000000027a8c18 method=java.util.HashMap.getNode(ILjava/lang/Object;)Ljava/util/HashMap$Node; @ 62
Event: 2.447 Thread 0x0000000001d20800 Uncommon trap: reason=unstable_if action=reinterpret pc=0x00000000027b945c method=java.util.HashMap.getNode(ILjava/lang/Object;)Ljava/util/HashMap$Node; @ 129

Internal exceptions (10 events):
Event: 1.790 Thread 0x0000000001d20800 Exception <a 'java/lang/ClassNotFoundException': org/apache/log4j/AppenderSkeletonBeanInfo> (0x00000000eb8dfb10) thrown at [C:\re\workspace\8-2-build-windows-amd64-cygwin\jdk8u151\9699\hotspot\src\share\vm\classfile\systemDictionary.cpp, line 210]
Event: 1.791 Thread 0x0000000001d20800 Exception <a 'java/lang/ClassNotFoundException': org/apache/log4j/AppenderSkeletonCustomizer> (0x00000000eb8ebac0) thrown at [C:\re\workspace\8-2-build-windows-amd64-cygwin\jdk8u151\9699\hotspot\src\share\vm\classfile\systemDictionary.cpp, line 210]
Event: 1.795 Thread 0x0000000001d20800 Exception <a 'java/lang/ClassNotFoundException': org/apache/log4j/WriterAppenderCustomizer> (0x00000000eb90d2e0) thrown at [C:\re\workspace\8-2-build-windows-amd64-cygwin\jdk8u151\9699\hotspot\src\share\vm\classfile\systemDictionary.cpp, line 210]
Event: 1.800 Thread 0x0000000001d20800 Exception <a 'java/lang/ClassNotFoundException': org/apache/log4j/FileAppenderCustomizer> (0x00000000eb924d28) thrown at [C:\re\workspace\8-2-build-windows-amd64-cygwin\jdk8u151\9699\hotspot\src\share\vm\classfile\systemDictionary.cpp, line 210]
Event: 1.933 Thread 0x0000000001d20800 Exception <a 'java/lang/NoSuchFieldError': method resolution failed> (0x00000000ebd51770) thrown at [C:\re\workspace\8-2-build-windows-amd64-cygwin\jdk8u151\9699\hotspot\src\share\vm\prims\methodHandles.cpp, line 1146]
Event: 1.944 Thread 0x0000000001d20800 Exception <a 'java/lang/NoSuchFieldError': method resolution failed> (0x00000000ebd5f330) thrown at [C:\re\workspace\8-2-build-windows-amd64-cygwin\jdk8u151\9699\hotspot\src\share\vm\prims\methodHandles.cpp, line 1146]
Event: 2.390 Thread 0x0000000001d20800 Exception <a 'java/lang/ClassNotFoundException': com/sun/org/glassfish/hk2/osgiresourcelocator/ServiceLoader> (0x00000000ec8036a8) thrown at [C:\re\workspace\8-2-build-windows-amd64-cygwin\jdk8u151\9699\hotspot\src\share\vm\classfile\systemDictionary.cpp,
Event: 2.396 Thread 0x0000000001d20800 Exception <a 'java/lang/NullPointerException'> (0x00000000ec830148) thrown at [C:\re\workspace\8-2-build-windows-amd64-cygwin\jdk8u151\9699\hotspot\src\share\vm\interpreter\linkResolver.cpp, line 1285]
Event: 2.464 Thread 0x0000000001d20800 Exception <a 'java/lang/ArrayIndexOutOfBoundsException'> (0x00000000ec987be8) thrown at [C:\re\workspace\8-2-build-windows-amd64-cygwin\jdk8u151\9699\hotspot\src\share\vm\runtime\sharedRuntime.cpp, line 605]
Event: 2.465 Thread 0x0000000001d20800 Exception <a 'java/lang/ArrayIndexOutOfBoundsException'> (0x00000000ec9890d0) thrown at [C:\re\workspace\8-2-build-windows-amd64-cygwin\jdk8u151\9699\hotspot\src\share\vm\runtime\sharedRuntime.cpp, line 605]

Events (10 events):
Event: 2.653 loading class com/sun/org/apache/xerces/internal/xs/XSTerm
Event: 2.653 loading class com/sun/org/apache/xerces/internal/xs/XSObject
Event: 2.653 loading class com/sun/org/apache/xerces/internal/xs/XSObject done
Event: 2.653 loading class com/sun/org/apache/xerces/internal/xs/XSTerm done
Event: 2.653 loading class com/sun/org/apache/xerces/internal/xs/XSElementDeclaration done
Event: 2.653 loading class com/sun/org/apache/xerces/internal/impl/xs/XSElementDecl done
Event: 2.653 loading class com/sun/org/apache/xerces/internal/impl/xs/SubstitutionGroupHandler$OneSubGroup
Event: 2.653 loading class com/sun/org/apache/xerces/internal/impl/xs/SubstitutionGroupHandler$OneSubGroup done
Event: 2.653 loading class com/sun/org/apache/xerces/internal/impl/xs/models/CMBuilder
Event: 2.654 Executing VM operation: CollectForMetadataAllocation


Dynamic libraries:
0x000000013f9e0000 - 0x000000013fa17000 	D:\Java\jdk1.8.0_151\bin\java.exe
0x0000000077090000 - 0x000000007723a000 	C:\Windows\SYSTEM32\ntdll.dll
0x0000000076e70000 - 0x0000000076f8f000 	C:\Windows\system32\kernel32.dll
0x000007fefd090000 - 0x000007fefd0fa000 	C:\Windows\system32\KERNELBASE.dll
0x000007fefe5b0000 - 0x000007fefe68b000 	C:\Windows\system32\ADVAPI32.dll
0x000007fefe690000 - 0x000007fefe72f000 	C:\Windows\system32\msvcrt.dll
0x000007fefe360000 - 0x000007fefe37f000 	C:\Windows\SYSTEM32\sechost.dll
0x000007fefe7d0000 - 0x000007fefe8fd000 	C:\Windows\system32\RPCRT4.dll
0x0000000076f90000 - 0x000000007708a000 	C:\Windows\system32\USER32.dll
0x000007fefec70000 - 0x000007fefecd7000 	C:\Windows\system32\GDI32.dll
0x000007fefd3e0000 - 0x000007fefd3ee000 	C:\Windows\system32\LPK.dll
0x000007feff1f0000 - 0x000007feff2bb000 	C:\Windows\system32\USP10.dll
0x000007fefba70000 - 0x000007fefbc64000 	C:\Windows\WinSxS\amd64_microsoft.windows.common-controls_6595b64144ccf1df_6.0.7601.18837_none_fa3b1e3d17594757\COMCTL32.dll
0x000007fefe380000 - 0x000007fefe3f1000 	C:\Windows\system32\SHLWAPI.dll
0x000007fefd3b0000 - 0x000007fefd3de000 	C:\Windows\system32\IMM32.DLL
0x000007fefe950000 - 0x000007fefea59000 	C:\Windows\system32\MSCTF.dll
0x000000006d6f0000 - 0x000000006d7c2000 	D:\Java\jdk1.8.0_151\jre\bin\msvcr100.dll
0x00000000542c0000 - 0x0000000054b5d000 	D:\Java\jdk1.8.0_151\jre\bin\server\jvm.dll
0x000007fefafe0000 - 0x000007fefafe9000 	C:\Windows\system32\WSOCK32.dll
0x000007fefe900000 - 0x000007fefe94d000 	C:\Windows\system32\WS2_32.dll
0x000007fefeee0000 - 0x000007fefeee8000 	C:\Windows\system32\NSI.dll
0x000007fef8ac0000 - 0x000007fef8afb000 	C:\Windows\system32\WINMM.dll
0x000007fefc100000 - 0x000007fefc10c000 	C:\Windows\system32\VERSION.dll
0x0000000077250000 - 0x0000000077257000 	C:\Windows\system32\PSAPI.DLL
0x00000000709f0000 - 0x00000000709ff000 	D:\Java\jdk1.8.0_151\jre\bin\verify.dll
0x00000000707c0000 - 0x00000000707e9000 	D:\Java\jdk1.8.0_151\jre\bin\java.dll
0x0000000070790000 - 0x00000000707b3000 	D:\Java\jdk1.8.0_151\jre\bin\instrument.dll
0x0000000070850000 - 0x0000000070866000 	D:\Java\jdk1.8.0_151\jre\bin\zip.dll
0x000007fefd5d0000 - 0x000007fefe35a000 	C:\Windows\system32\SHELL32.dll
0x000007fefece0000 - 0x000007fefeedc000 	C:\Windows\system32\ole32.dll
0x000007fefcfa0000 - 0x000007fefcfaf000 	C:\Windows\system32\profapi.dll
0x000007fef57f0000 - 0x000007fef580a000 	D:\IDEA\IntelliJ IDEA 2017.1.4\bin\breakgen64.dll
0x0000000070770000 - 0x000000007078a000 	D:\Java\jdk1.8.0_151\jre\bin\net.dll
0x000007fefc810000 - 0x000007fefc865000 	C:\Windows\system32\mswsock.dll
0x000007fefc800000 - 0x000007fefc807000 	C:\Windows\System32\wship6.dll

VM Arguments:
jvm_args: -javaagent:D:\IDEA\IntelliJ IDEA 2017.1.4\lib\idea_rt.jar=54122:D:\IDEA\IntelliJ IDEA 2017.1.4\bin -Dfile.encoding=UTF-8 
java_command: com.qf.dao.DeptDao
java_class_path (initial): D:\Java\jdk1.8.0_151\jre\lib\charsets.jar;D:\Java\jdk1.8.0_151\jre\lib\deploy.jar;D:\Java\jdk1.8.0_151\jre\lib\ext\access-bridge-64.jar;D:\Java\jdk1.8.0_151\jre\lib\ext\cldrdata.jar;D:\Java\jdk1.8.0_151\jre\lib\ext\dnsns.jar;D:\Java\jdk1.8.0_151\jre\lib\ext\jaccess.jar;D:\Java\jdk1.8.0_151\jre\lib\ext\jfxrt.jar;D:\Java\jdk1.8.0_151\jre\lib\ext\localedata.jar;D:\Java\jdk1.8.0_151\jre\lib\ext\nashorn.jar;D:\Java\jdk1.8.0_151\jre\lib\ext\sunec.jar;D:\Java\jdk1.8.0_151\jre\lib\ext\sunjce_provider.jar;D:\Java\jdk1.8.0_151\jre\lib\ext\sunmscapi.jar;D:\Java\jdk1.8.0_151\jre\lib\ext\sunpkcs11.jar;D:\Java\jdk1.8.0_151\jre\lib\ext\zipfs.jar;D:\Java\jdk1.8.0_151\jre\lib\javaws.jar;D:\Java\jdk1.8.0_151\jre\lib\jce.jar;D:\Java\jdk1.8.0_151\jre\lib\jfr.jar;D:\Java\jdk1.8.0_151\jre\lib\jfxswt.jar;D:\Java\jdk1.8.0_151\jre\lib\jsse.jar;D:\Java\jdk1.8.0_151\jre\lib\management-agent.jar;D:\Java\jdk1.8.0_151\jre\lib\plugin.jar;D:\Java\jdk1.8.0_151\jre\lib\resources.jar;D:\Java\jdk1.8.0_151\jre\lib\rt.jar;E:\WorkSpace_qf\µÚÈý½×¶Î\hibernate04\target\classes;C:\Users\Administrator\.m2\repository\org\hibernate\hibernate-core\5.2.10.Final\hibernate-core-5.2.10.Final.jar;C:\Users\Administrator\.m2\repository\org\jboss\logging\jboss-logging\3.3.0.Final\jboss-logging-3.3.0.Final.jar;C:\Users\Administrator\.m2\repository\org\hibernate\javax\persistence\hibernate-jpa-2.1-api\1.0.0.Final\hibernate-jpa-2.1-api-1.0.0.Final.jar;C:\Users\Administrator\.m2\repository\org\javassist\javassist\3.20.0-GA\javassist-3.20.0-GA.jar;C:\Users\Administrator\.m2\repository\antlr\antlr\2.7.7\antlr-2.7.7.jar;C:\Users\Administrator\.m2\repository\org\jboss\spec\javax\transaction\jboss-transaction-api_1.2_spec\1.0.1.Final\jboss-transaction-api_1.2_spec-1.0.1.Final.jar;C:\Users\Administrator\.m2\repository\org\jboss\jandex\2.0.3.Final\jandex-2.0.3.Final.jar;C:\Users\Administrator\.m2\repository\com\fasterxml\classmate\1.3.0\classmate-1.3.0.jar;C:\Users\Administrator\.m2\repository\dom4j\do
Launcher Type: SUN_STANDARD

Environment Variables:
JAVA_HOME=D:\Java\jdk1.8.0_151
PATH=D:\Java\jdk1.8.0_151\bin;C:\ProgramData\Oracle\Java\javapath;C:\Windows\system32;C:\Windows;C:\Windows\System32\Wbem;C:\Windows\System32\WindowsPowerShell\v1.0\;D:\Program File\MySQL\bin
USERNAME=Administrator
OS=Windows_NT
PROCESSOR_IDENTIFIER=Intel64 Family 6 Model 23 Stepping 10, GenuineIntel



---------------  S Y S T E M  ---------------

OS: Windows 7 , 64 bit Build 7601 (6.1.7601.23915)

CPU:total 2 (initial active 2) (2 cores per cpu, 1 threads per core) family 6 model 23 stepping 10, cmov, cx8, fxsr, mmx, sse, sse2, sse3, ssse3, sse4.1, tsc

Memory: 4k page, physical 4087836k(586320k free), swap 6183128k(4108k free)

vm_info: Java HotSpot(TM) 64-Bit Server VM (25.151-b12) for windows-amd64 JRE (1.8.0_151-b12), built on Sep  5 2017 19:33:46 by "java_re" with MS VC++ 10.0 (VS2010)

time: Thu Mar 08 11:44:51 2018
elapsed time: 2 seconds (0d 0h 0m 2s)

