#
# There is insufficient memory for the Java Runtime Environment to continue.
# Native memory allocation (malloc) failed to allocate 250672 bytes for Chunk::new
# Possible reasons:
#   The system is out of physical RAM or swap space
#   In 32 bit mode, the process size limit was hit
# Possible solutions:
#   Reduce memory load on the system
#   Increase physical memory or swap space
#   Check if swap backing store is full
#   Use 64 bit Java on a 64 bit OS
#   Decrease Java heap size (-Xmx/-Xms)
#   Decrease number of Java threads
#   Decrease Java thread stack sizes (-Xss)
#   Set larger code cache with -XX:ReservedCodeCacheSize=
# This output file may be truncated or incomplete.
#
#  Out of Memory Error (allocation.cpp:390), pid=3220, tid=0x0000000000000b74
#
# JRE version: Java(TM) SE Runtime Environment (8.0_151-b12) (build 1.8.0_151-b12)
# Java VM: Java HotSpot(TM) 64-Bit Server VM (25.151-b12 mixed mode windows-amd64 compressed oops)
# Failed to write core dump. Minidumps are not enabled by default on client versions of Windows
#

---------------  T H R E A D  ---------------

Current thread (0x00000000562ba000):  JavaThread "C2 CompilerThread0" daemon [_thread_in_native, id=2932, stack(0x0000000055ec0000,0x0000000055fc0000)]

Stack: [0x0000000055ec0000,0x0000000055fc0000]
[error occurred during error reporting (printing stack bounds), id 0xc0000005]

Native frames: (J=compiled Java code, j=interpreted, Vv=VM code, C=native code)


Current CompileTask:
C2:   4912 1132 % !   4       com.sun.xml.internal.bind.v2.bytecode.ClassTailor::tailor @ 64 (381 bytes)


---------------  P R O C E S S  ---------------

Java Threads: ( => current thread )
  0x00000000562c8800 
[error occurred during error reporting (printing all threads), id 0xc0000005]

VM state:not at safepoint (normal execution)

VM Mutex/Monitor currently owned by a thread: None

Heap:
 PSYoungGen      total 35328K, used 1291K [0x00000000eb300000, 0x00000000ed800000, 0x0000000100000000)
  eden space 32768K, 3% used [0x00000000eb300000,0x00000000eb442ca0,0x00000000ed300000)
  from space 2560K, 0% used [0x00000000ed300000,0x00000000ed300000,0x00000000ed580000)
  to   space 2560K, 0% used [0x00000000ed580000,0x00000000ed580000,0x00000000ed800000)
 ParOldGen       total 28672K, used 5225K [0x00000000c1800000, 0x00000000c3400000, 0x00000000eb300000)
  object space 28672K, 18% used [0x00000000c1800000,0x00000000c1d1a410,0x00000000c3400000)
 Metaspace       used 17560K, capacity 17856K, committed 18048K, reserved 1075200K
  class space    used 2482K, capacity 2560K, committed 2688K, reserved 1048576K

Card table byte_map: [0x0000000011be0000,0x0000000011de0000] byte_map_base: 0x00000000115d4000

Marking Bits: (ParMarkBitMap*) 0x0000000061e2d850
 Begin Bits: [0x0000000012360000, 0x0000000013300000)
 End Bits:   [0x0000000013300000, 0x00000000142a0000)

Polling page: 0x0000000001b60000

CodeCache: size=245760Kb used=4813Kb max_used=4813Kb free=240946Kb
 bounds [0x0000000002820000, 0x0000000002ce0000, 0x0000000011820000]
 total_blobs=1757 nmethods=1406 adapters=264
 compilation: enabled

Compilation events (10 events):
Event: 4.663 Thread 0x00000000562ba800 1236       1       com.sun.org.apache.xerces.internal.util.XMLResourceIdentifierImpl::getPublicId (5 bytes)
Event: 4.663 Thread 0x00000000562ba800 nmethod 1236 0x0000000002c60010 code [0x0000000002c60160, 0x0000000002c60270]
Event: 4.663 Thread 0x00000000562ba800 1231       1       com.sun.xml.internal.bind.v2.runtime.unmarshaller.UnmarshallingContext$State::getContext (5 bytes)
Event: 4.664 Thread 0x00000000562ba800 nmethod 1231 0x0000000002c602d0 code [0x0000000002c60420, 0x0000000002c60530]
Event: 4.664 Thread 0x00000000562ba800 1212       1       javax.xml.namespace.QName::getPrefix (5 bytes)
Event: 4.664 Thread 0x00000000562ba800 nmethod 1212 0x0000000002c60590 code [0x0000000002c606e0, 0x0000000002c607f0]
Event: 4.664 Thread 0x00000000562ba800 1230       1       com.sun.org.apache.xerces.internal.util.XMLResourceIdentifierImpl::getExpandedSystemId (5 bytes)
Event: 4.664 Thread 0x00000000562ba800 nmethod 1230 0x0000000002c60850 code [0x0000000002c609a0, 0x0000000002c60ab0]
Event: 4.664 Thread 0x00000000562ba800 1238       1       com.sun.org.apache.xerces.internal.impl.XMLStreamReaderImpl::getEventType (5 bytes)
Event: 4.664 Thread 0x00000000562ba800 nmethod 1238 0x0000000002c60b10 code [0x0000000002c60c60, 0x0000000002c60d70]

GC Heap History (10 events):
Event: 0.563 GC heap before
{Heap before GC invocations=1 (full 0):
 PSYoungGen      total 18944K, used 16347K [0x00000000eb300000, 0x00000000ec800000, 0x0000000100000000)
  eden space 16384K, 99% used [0x00000000eb300000,0x00000000ec2f6fb8,0x00000000ec300000)
  from space 2560K, 0% used [0x00000000ec580000,0x00000000ec580000,0x00000000ec800000)
  to   space 2560K, 0% used [0x00000000ec300000,0x00000000ec300000,0x00000000ec580000)
 ParOldGen       total 44032K, used 0K [0x00000000c1800000, 0x00000000c4300000, 0x00000000eb300000)
  object space 44032K, 0% used [0x00000000c1800000,0x00000000c1800000,0x00000000c4300000)
 Metaspace       used 3495K, capacity 4564K, committed 4864K, reserved 1056768K
  class space    used 382K, capacity 388K, committed 512K, reserved 1048576K
Event: 0.580 GC heap after
Heap after GC invocations=1 (full 0):
 PSYoungGen      total 18944K, used 1225K [0x00000000eb300000, 0x00000000ed800000, 0x0000000100000000)
  eden space 16384K, 0% used [0x00000000eb300000,0x00000000eb300000,0x00000000ec300000)
  from space 2560K, 47% used [0x00000000ec300000,0x00000000ec432440,0x00000000ec580000)
  to   space 2560K, 0% used [0x00000000ed580000,0x00000000ed580000,0x00000000ed800000)
 ParOldGen       total 44032K, used 8K [0x00000000c1800000, 0x00000000c4300000, 0x00000000eb300000)
  object space 44032K, 0% used [0x00000000c1800000,0x00000000c1802000,0x00000000c4300000)
 Metaspace       used 3495K, capacity 4564K, committed 4864K, reserved 1056768K
  class space    used 382K, capacity 388K, committed 512K, reserved 1048576K
}
Event: 0.641 GC heap before
{Heap before GC invocations=2 (full 0):
 PSYoungGen      total 18944K, used 17609K [0x00000000eb300000, 0x00000000ed800000, 0x0000000100000000)
  eden space 16384K, 100% used [0x00000000eb300000,0x00000000ec300000,0x00000000ec300000)
  from space 2560K, 47% used [0x00000000ec300000,0x00000000ec432440,0x00000000ec580000)
  to   space 2560K, 0% used [0x00000000ed580000,0x00000000ed580000,0x00000000ed800000)
 ParOldGen       total 44032K, used 8K [0x00000000c1800000, 0x00000000c4300000, 0x00000000eb300000)
  object space 44032K, 0% used [0x00000000c1800000,0x00000000c1802000,0x00000000c4300000)
 Metaspace       used 3590K, capacity 4568K, committed 4864K, reserved 1056768K
  class space    used 387K, capacity 392K, committed 512K, reserved 1048576K
Event: 0.644 GC heap after
Heap after GC invocations=2 (full 0):
 PSYoungGen      total 35328K, used 1162K [0x00000000eb300000, 0x00000000ed800000, 0x0000000100000000)
  eden space 32768K, 0% used [0x00000000eb300000,0x00000000eb300000,0x00000000ed300000)
  from space 2560K, 45% used [0x00000000ed580000,0x00000000ed6a2b20,0x00000000ed800000)
  to   space 2560K, 0% used [0x00000000ed300000,0x00000000ed300000,0x00000000ed580000)
 ParOldGen       total 44032K, used 16K [0x00000000c1800000, 0x00000000c4300000, 0x00000000eb300000)
  object space 44032K, 0% used [0x00000000c1800000,0x00000000c1804000,0x00000000c4300000)
 Metaspace       used 3590K, capacity 4568K, committed 4864K, reserved 1056768K
  class space    used 387K, capacity 392K, committed 512K, reserved 1048576K
}
Event: 2.675 GC heap before
{Heap before GC invocations=3 (full 0):
 PSYoungGen      total 35328K, used 28657K [0x00000000eb300000, 0x00000000ed800000, 0x0000000100000000)
  eden space 32768K, 83% used [0x00000000eb300000,0x00000000ecdd9be0,0x00000000ed300000)
  from space 2560K, 45% used [0x00000000ed580000,0x00000000ed6a2b20,0x00000000ed800000)
  to   space 2560K, 0% used [0x00000000ed300000,0x00000000ed300000,0x00000000ed580000)
 ParOldGen       total 44032K, used 16K [0x00000000c1800000, 0x00000000c4300000, 0x00000000eb300000)
  object space 44032K, 0% used [0x00000000c1800000,0x00000000c1804000,0x00000000c4300000)
 Metaspace       used 11791K, capacity 11996K, committed 12160K, reserved 1062912K
  class space    used 1468K, capacity 1540K, committed 1664K, reserved 1048576K
Event: 2.685 GC heap after
Heap after GC invocations=3 (full 0):
 PSYoungGen      total 35328K, used 2544K [0x00000000eb300000, 0x00000000ed800000, 0x0000000100000000)
  eden space 32768K, 0% used [0x00000000eb300000,0x00000000eb300000,0x00000000ed300000)
  from space 2560K, 99% used [0x00000000ed300000,0x00000000ed57c048,0x00000000ed580000)
  to   space 2560K, 0% used [0x00000000ed580000,0x00000000ed580000,0x00000000ed800000)
 ParOldGen       total 44032K, used 1997K [0x00000000c1800000, 0x00000000c4300000, 0x00000000eb300000)
  object space 44032K, 4% used [0x00000000c1800000,0x00000000c19f3730,0x00000000c4300000)
 Metaspace       used 11791K, capacity 11996K, committed 12160K, reserved 1062912K
  class space    used 1468K, capacity 1540K, committed 1664K, reserved 1048576K
}
Event: 2.685 GC heap before
{Heap before GC invocations=4 (full 1):
 PSYoungGen      total 35328K, used 2544K [0x00000000eb300000, 0x00000000ed800000, 0x0000000100000000)
  eden space 32768K, 0% used [0x00000000eb300000,0x00000000eb300000,0x00000000ed300000)
  from space 2560K, 99% used [0x00000000ed300000,0x00000000ed57c048,0x00000000ed580000)
  to   space 2560K, 0% used [0x00000000ed580000,0x00000000ed580000,0x00000000ed800000)
 ParOldGen       total 44032K, used 1997K [0x00000000c1800000, 0x00000000c4300000, 0x00000000eb300000)
  object space 44032K, 4% used [0x00000000c1800000,0x00000000c19f3730,0x00000000c4300000)
 Metaspace       used 11791K, capacity 11996K, committed 12160K, reserved 1062912K
  class space    used 1468K, capacity 1540K, committed 1664K, reserved 1048576K
Event: 2.716 GC heap after
Heap after GC invocations=4 (full 1):
 PSYoungGen      total 35328K, used 0K [0x00000000eb300000, 0x00000000ed800000, 0x0000000100000000)
  eden space 32768K, 0% used [0x00000000eb300000,0x00000000eb300000,0x00000000ed300000)
  from space 2560K, 0% used [0x00000000ed300000,0x00000000ed300000,0x00000000ed580000)
  to   space 2560K, 0% used [0x00000000ed580000,0x00000000ed580000,0x00000000ed800000)
 ParOldGen       total 28672K, used 4427K [0x00000000c1800000, 0x00000000c3400000, 0x00000000eb300000)
  object space 28672K, 15% used [0x00000000c1800000,0x00000000c1c52ca0,0x00000000c3400000)
 Metaspace       used 11791K, capacity 11996K, committed 12160K, reserved 1062912K
  class space    used 1468K, capacity 1540K, committed 1664K, reserved 1048576K
}
Event: 3.910 GC heap before
{Heap before GC invocations=5 (full 1):
 PSYoungGen      total 35328K, used 32768K [0x00000000eb300000, 0x00000000ed800000, 0x0000000100000000)
  eden space 32768K, 100% used [0x00000000eb300000,0x00000000ed300000,0x00000000ed300000)
  from space 2560K, 0% used [0x00000000ed300000,0x00000000ed300000,0x00000000ed580000)
  to   space 2560K, 0% used [0x00000000ed580000,0x00000000ed580000,0x00000000ed800000)
 ParOldGen       total 28672K, used 4427K [0x00000000c1800000, 0x00000000c3400000, 0x00000000eb300000)
  object space 28672K, 15% used [0x00000000c1800000,0x00000000c1c52ca0,0x00000000c3400000)
 Metaspace       used 15101K, capacity 15392K, committed 15744K, reserved 1064960K
  class space    used 1970K, capacity 2048K, committed 2176K, reserved 1048576K
Event: 3.919 GC heap after
Heap after GC invocations=5 (full 1):
 PSYoungGen      total 35328K, used 2544K [0x00000000eb300000, 0x00000000ed800000, 0x0000000100000000)
  eden space 32768K, 0% used [0x00000000eb300000,0x00000000eb300000,0x00000000ed300000)
  from space 2560K, 99% used [0x00000000ed580000,0x00000000ed7fc010,0x00000000ed800000)
  to   space 2560K, 0% used [0x00000000ed300000,0x00000000ed300000,0x00000000ed580000)
 ParOldGen       total 28672K, used 5653K [0x00000000c1800000, 0x00000000c3400000, 0x00000000eb300000)
  object space 28672K, 19% used [0x00000000c1800000,0x00000000c1d85620,0x00000000c3400000)
 Metaspace       used 15101K, capacity 15392K, committed 15744K, reserved 1064960K
  class space    used 1970K, capacity 2048K, committed 2176K, reserved 1048576K
}

Deoptimization events (8 events):
Event: 1.547 Thread 0x0000000002310800 Uncommon trap: reason=unstable_if action=reinterpret pc=0x00000000029a3350 method=sun.misc.MetaIndex.mayContain(Ljava/lang/String;)Z @ 38
Event: 1.836 Thread 0x0000000002310800 Uncommon trap: reason=unstable_if action=reinterpret pc=0x00000000029c888c method=java.lang.String.indexOf([CII[CIII)I @ 134
Event: 2.368 Thread 0x0000000002310800 Uncommon trap: reason=unstable_if action=reinterpret pc=0x0000000002ab67d8 method=java.util.HashMap.getNode(ILjava/lang/Object;)Ljava/util/HashMap$Node; @ 62
Event: 2.394 Thread 0x0000000002310800 Uncommon trap: reason=unstable_if action=reinterpret pc=0x0000000002aca45c method=java.util.HashMap.getNode(ILjava/lang/Object;)Ljava/util/HashMap$Node; @ 129
Event: 2.865 Thread 0x0000000002310800 Uncommon trap: reason=class_check action=maybe_recompile pc=0x0000000002a81304 method=java.util.regex.Pattern$BmpCharProperty.match(Ljava/util/regex/Matcher;ILjava/lang/CharSequence;)Z @ 31
Event: 2.865 Thread 0x0000000002310800 Uncommon trap: reason=class_check action=maybe_recompile pc=0x0000000002a81304 method=java.util.regex.Pattern$BmpCharProperty.match(Ljava/util/regex/Matcher;ILjava/lang/CharSequence;)Z @ 31
Event: 3.058 Thread 0x0000000002310800 Uncommon trap: reason=unstable_if action=reinterpret pc=0x0000000002b13004 method=java.util.HashMap.getNode(ILjava/lang/Object;)Ljava/util/HashMap$Node; @ 84
Event: 3.058 Thread 0x0000000002310800 Uncommon trap: reason=unstable_if action=reinterpret pc=0x0000000002b15bf8 method=java.util.HashMap.getNode(ILjava/lang/Object;)Ljava/util/HashMap$Node; @ 84

Internal exceptions (10 events):
Event: 1.696 Thread 0x0000000002310800 Exception <a 'java/lang/ClassNotFoundException': org/apache/log4j/AppenderSkeletonCustomizer> (0x00000000eb8f0dc8) thrown at [C:\re\workspace\8-2-build-windows-amd64-cygwin\jdk8u151\9699\hotspot\src\share\vm\classfile\systemDictionary.cpp, line 210]
Event: 1.699 Thread 0x0000000002310800 Exception <a 'java/lang/ClassNotFoundException': org/apache/log4j/WriterAppenderCustomizer> (0x00000000eb9125d8) thrown at [C:\re\workspace\8-2-build-windows-amd64-cygwin\jdk8u151\9699\hotspot\src\share\vm\classfile\systemDictionary.cpp, line 210]
Event: 1.708 Thread 0x0000000002310800 Exception <a 'java/lang/ClassNotFoundException': org/apache/log4j/FileAppenderCustomizer> (0x00000000eb92a020) thrown at [C:\re\workspace\8-2-build-windows-amd64-cygwin\jdk8u151\9699\hotspot\src\share\vm\classfile\systemDictionary.cpp, line 210]
Event: 1.917 Thread 0x0000000002310800 Exception <a 'java/lang/NoSuchFieldError': method resolution failed> (0x00000000ebd56200) thrown at [C:\re\workspace\8-2-build-windows-amd64-cygwin\jdk8u151\9699\hotspot\src\share\vm\prims\methodHandles.cpp, line 1146]
Event: 1.929 Thread 0x0000000002310800 Exception <a 'java/lang/NoSuchFieldError': method resolution failed> (0x00000000ebd63df0) thrown at [C:\re\workspace\8-2-build-windows-amd64-cygwin\jdk8u151\9699\hotspot\src\share\vm\prims\methodHandles.cpp, line 1146]
Event: 2.338 Thread 0x0000000002310800 Exception <a 'java/lang/ClassNotFoundException': com/sun/org/glassfish/hk2/osgiresourcelocator/ServiceLoader> (0x00000000ec809310) thrown at [C:\re\workspace\8-2-build-windows-amd64-cygwin\jdk8u151\9699\hotspot\src\share\vm\classfile\systemDictionary.cpp,
Event: 2.344 Thread 0x0000000002310800 Exception <a 'java/lang/NullPointerException'> (0x00000000ec837b40) thrown at [C:\re\workspace\8-2-build-windows-amd64-cygwin\jdk8u151\9699\hotspot\src\share\vm\interpreter\linkResolver.cpp, line 1285]
Event: 2.413 Thread 0x0000000002310800 Exception <a 'java/lang/ArrayIndexOutOfBoundsException'> (0x00000000ec98d520) thrown at [C:\re\workspace\8-2-build-windows-amd64-cygwin\jdk8u151\9699\hotspot\src\share\vm\runtime\sharedRuntime.cpp, line 605]
Event: 2.413 Thread 0x0000000002310800 Exception <a 'java/lang/ArrayIndexOutOfBoundsException'> (0x00000000ec98ea08) thrown at [C:\re\workspace\8-2-build-windows-amd64-cygwin\jdk8u151\9699\hotspot\src\share\vm\runtime\sharedRuntime.cpp, line 605]
Event: 3.253 Thread 0x0000000002310800 Exception <a 'java/lang/ClassNotFoundException': com/sun/org/glassfish/hk2/osgiresourcelocator/ServiceLoader> (0x00000000ebfe0810) thrown at [C:\re\workspace\8-2-build-windows-amd64-cygwin\jdk8u151\9699\hotspot\src\share\vm\classfile\systemDictionary.cpp,

Events (10 events):
Event: 4.640 loading class org/hibernate/boot/jaxb/hbm/internal/GenerationTimingConverter
Event: 4.640 loading class org/hibernate/boot/jaxb/hbm/internal/GenerationTimingConverter done
Event: 4.643 loading class org/hibernate/tuple/GenerationTiming$1
Event: 4.643 loading class org/hibernate/tuple/GenerationTiming$1 done
Event: 4.644 loading class org/hibernate/tuple/GenerationTiming$2
Event: 4.644 loading class org/hibernate/tuple/GenerationTiming$2 done
Event: 4.644 loading class org/hibernate/tuple/GenerationTiming$3
Event: 4.644 loading class org/hibernate/tuple/GenerationTiming$3 done
Event: 4.652 loading class org/hibernate/boot/jaxb/spi/Binding
Event: 4.652 loading class org/hibernate/boot/jaxb/spi/Binding done


Dynamic libraries:
0x000000013f210000 - 0x000000013f247000 	D:\Java\jdk1.8.0_151\bin\java.exe
0x0000000077030000 - 0x00000000771da000 	C:\Windows\SYSTEM32\ntdll.dll
0x0000000076f10000 - 0x000000007702f000 	C:\Windows\system32\kernel32.dll
0x000007fefcff0000 - 0x000007fefd05a000 	C:\Windows\system32\KERNELBASE.dll
0x000007fefd710000 - 0x000007fefd7eb000 	C:\Windows\system32\ADVAPI32.dll
0x000007fefd7f0000 - 0x000007fefd88f000 	C:\Windows\system32\msvcrt.dll
0x000007fefd8a0000 - 0x000007fefd8bf000 	C:\Windows\SYSTEM32\sechost.dll
0x000007fefe120000 - 0x000007fefe24d000 	C:\Windows\system32\RPCRT4.dll
0x0000000076e10000 - 0x0000000076f0a000 	C:\Windows\system32\USER32.dll
0x000007fefd6a0000 - 0x000007fefd707000 	C:\Windows\system32\GDI32.dll
0x000007fefd890000 - 0x000007fefd89e000 	C:\Windows\system32\LPK.dll
0x000007fefd3d0000 - 0x000007fefd49b000 	C:\Windows\system32\USP10.dll
0x000007fefba10000 - 0x000007fefbc04000 	C:\Windows\WinSxS\amd64_microsoft.windows.common-controls_6595b64144ccf1df_6.0.7601.18837_none_fa3b1e3d17594757\COMCTL32.dll
0x000007fefd350000 - 0x000007fefd3c1000 	C:\Windows\system32\SHLWAPI.dll
0x000007fefe070000 - 0x000007fefe09e000 	C:\Windows\system32\IMM32.DLL
0x000007fefd8c0000 - 0x000007fefd9c9000 	C:\Windows\system32\MSCTF.dll
0x0000000061eb0000 - 0x0000000061f82000 	D:\Java\jdk1.8.0_151\jre\bin\msvcr100.dll
0x0000000061610000 - 0x0000000061ead000 	D:\Java\jdk1.8.0_151\jre\bin\server\jvm.dll
0x000007fefb1b0000 - 0x000007fefb1b9000 	C:\Windows\system32\WSOCK32.dll
0x000007fefe250000 - 0x000007fefe29d000 	C:\Windows\system32\WS2_32.dll
0x000007fefd9f0000 - 0x000007fefd9f8000 	C:\Windows\system32\NSI.dll
0x000007fef9ba0000 - 0x000007fef9bdb000 	C:\Windows\system32\WINMM.dll
0x000007fefc0a0000 - 0x000007fefc0ac000 	C:\Windows\system32\VERSION.dll
0x0000000077200000 - 0x0000000077207000 	C:\Windows\system32\PSAPI.DLL
0x00000000735d0000 - 0x00000000735df000 	D:\Java\jdk1.8.0_151\jre\bin\verify.dll
0x0000000065dc0000 - 0x0000000065de9000 	D:\Java\jdk1.8.0_151\jre\bin\java.dll
0x000000006edc0000 - 0x000000006ede3000 	D:\Java\jdk1.8.0_151\jre\bin\instrument.dll
0x0000000065da0000 - 0x0000000065db6000 	D:\Java\jdk1.8.0_151\jre\bin\zip.dll
0x000007fefe550000 - 0x000007feff2da000 	C:\Windows\system32\SHELL32.dll
0x000007fefd4a0000 - 0x000007fefd69c000 	C:\Windows\system32\ole32.dll
0x000007fefcf40000 - 0x000007fefcf4f000 	C:\Windows\system32\profapi.dll
0x000007fef3ce0000 - 0x000007fef3cfa000 	D:\IDEA\IntelliJ IDEA 2017.1.4\bin\breakgen64.dll
0x0000000065d80000 - 0x0000000065d9a000 	D:\Java\jdk1.8.0_151\jre\bin\net.dll
0x000007fefc7b0000 - 0x000007fefc805000 	C:\Windows\system32\mswsock.dll
0x000007fefc7a0000 - 0x000007fefc7a7000 	C:\Windows\System32\wship6.dll

VM Arguments:
jvm_args: -javaagent:D:\IDEA\IntelliJ IDEA 2017.1.4\lib\idea_rt.jar=58028:D:\IDEA\IntelliJ IDEA 2017.1.4\bin -Dfile.encoding=UTF-8 
java_command: com.qf.dao.DeptDao
java_class_path (initial): D:\Java\jdk1.8.0_151\jre\lib\charsets.jar;D:\Java\jdk1.8.0_151\jre\lib\deploy.jar;D:\Java\jdk1.8.0_151\jre\lib\ext\access-bridge-64.jar;D:\Java\jdk1.8.0_151\jre\lib\ext\cldrdata.jar;D:\Java\jdk1.8.0_151\jre\lib\ext\dnsns.jar;D:\Java\jdk1.8.0_151\jre\lib\ext\jaccess.jar;D:\Java\jdk1.8.0_151\jre\lib\ext\jfxrt.jar;D:\Java\jdk1.8.0_151\jre\lib\ext\localedata.jar;D:\Java\jdk1.8.0_151\jre\lib\ext\nashorn.jar;D:\Java\jdk1.8.0_151\jre\lib\ext\sunec.jar;D:\Java\jdk1.8.0_151\jre\lib\ext\sunjce_provider.jar;D:\Java\jdk1.8.0_151\jre\lib\ext\sunmscapi.jar;D:\Java\jdk1.8.0_151\jre\lib\ext\sunpkcs11.jar;D:\Java\jdk1.8.0_151\jre\lib\ext\zipfs.jar;D:\Java\jdk1.8.0_151\jre\lib\javaws.jar;D:\Java\jdk1.8.0_151\jre\lib\jce.jar;D:\Java\jdk1.8.0_151\jre\lib\jfr.jar;D:\Java\jdk1.8.0_151\jre\lib\jfxswt.jar;D:\Java\jdk1.8.0_151\jre\lib\jsse.jar;D:\Java\jdk1.8.0_151\jre\lib\management-agent.jar;D:\Java\jdk1.8.0_151\jre\lib\plugin.jar;D:\Java\jdk1.8.0_151\jre\lib\resources.jar;D:\Java\jdk1.8.0_151\jre\lib\rt.jar;E:\WorkSpace_qf\µÚÈý½×¶Î\hibernate04\target\classes;C:\Users\Administrator\.m2\repository\org\hibernate\hibernate-core\5.2.10.Final\hibernate-core-5.2.10.Final.jar;C:\Users\Administrator\.m2\repository\org\jboss\logging\jboss-logging\3.3.0.Final\jboss-logging-3.3.0.Final.jar;C:\Users\Administrator\.m2\repository\org\hibernate\javax\persistence\hibernate-jpa-2.1-api\1.0.0.Final\hibernate-jpa-2.1-api-1.0.0.Final.jar;C:\Users\Administrator\.m2\repository\org\javassist\javassist\3.20.0-GA\javassist-3.20.0-GA.jar;C:\Users\Administrator\.m2\repository\antlr\antlr\2.7.7\antlr-2.7.7.jar;C:\Users\Administrator\.m2\repository\org\jboss\spec\javax\transaction\jboss-transaction-api_1.2_spec\1.0.1.Final\jboss-transaction-api_1.2_spec-1.0.1.Final.jar;C:\Users\Administrator\.m2\repository\org\jboss\jandex\2.0.3.Final\jandex-2.0.3.Final.jar;C:\Users\Administrator\.m2\repository\com\fasterxml\classmate\1.3.0\classmate-1.3.0.jar;C:\Users\Administrator\.m2\repository\dom4j\do
Launcher Type: SUN_STANDARD

Environment Variables:
JAVA_HOME=D:\Java\jdk1.8.0_151
PATH=D:\Java\jdk1.8.0_151\bin;C:\ProgramData\Oracle\Java\javapath;C:\Windows\system32;C:\Windows;C:\Windows\System32\Wbem;C:\Windows\System32\WindowsPowerShell\v1.0\;D:\Program File\MySQL\bin
USERNAME=Administrator
OS=Windows_NT
PROCESSOR_IDENTIFIER=Intel64 Family 6 Model 23 Stepping 10, GenuineIntel



---------------  S Y S T E M  ---------------

OS: Windows 7 , 64 bit Build 7601 (6.1.7601.23915)

CPU:total 2 (initial active 2) (2 cores per cpu, 1 threads per core) family 6 model 23 stepping 10, cmov, cx8, fxsr, mmx, sse, sse2, sse3, ssse3, sse4.1, tsc

Memory: 4k page, physical 4087836k(879108k free), swap 6183128k(4992k free)

vm_info: Java HotSpot(TM) 64-Bit Server VM (25.151-b12) for windows-amd64 JRE (1.8.0_151-b12), built on Sep  5 2017 19:33:46 by "java_re" with MS VC++ 10.0 (VS2010)

time: Thu Mar 08 17:47:01 2018
elapsed time: 6 seconds (0d 0h 0m 6s)

