#
# There is insufficient memory for the Java Runtime Environment to continue.
# Native memory allocation (malloc) failed to allocate 63216 bytes for Chunk::new
# Possible reasons:
#   The system is out of physical RAM or swap space
#   In 32 bit mode, the process size limit was hit
# Possible solutions:
#   Reduce memory load on the system
#   Increase physical memory or swap space
#   Check if swap backing store is full
#   Use 64 bit Java on a 64 bit OS
#   Decrease Java heap size (-Xmx/-Xms)
#   Decrease number of Java threads
#   Decrease Java thread stack sizes (-Xss)
#   Set larger code cache with -XX:ReservedCodeCacheSize=
# This output file may be truncated or incomplete.
#
#  Out of Memory Error (allocation.cpp:390), pid=6476, tid=0x0000000000001e88
#
# JRE version: Java(TM) SE Runtime Environment (8.0_151-b12) (build 1.8.0_151-b12)
# Java VM: Java HotSpot(TM) 64-Bit Server VM (25.151-b12 mixed mode windows-amd64 compressed oops)
# Failed to write core dump. Minidumps are not enabled by default on client versions of Windows
#

---------------  T H R E A D  ---------------

Current thread (0x000000005668f000):  JavaThread "C2 CompilerThread0" daemon [_thread_in_native, id=7816, stack(0x00000000562a0000,0x00000000563a0000)]

Stack: [0x00000000562a0000,0x00000000563a0000]
[error occurred during error reporting (printing stack bounds), id 0xc0000005]

Native frames: (J=compiled Java code, j=interpreted, Vv=VM code, C=native code)


Current CompileTask:
C2:   1742  406       4       jdk.internal.org.objectweb.asm.ByteVector::putUTF8 (142 bytes)


---------------  P R O C E S S  ---------------

Java Threads: ( => current thread )
  0x0000000056706800 JavaThread "Service Thread" daemon [_thread_blocked, id=5828, stack(0x0000000056f40000,0x0000000057040000)]
  0x0000000056699800 JavaThread "C1 CompilerThread1" daemon [_thread_in_native, id=7792, stack(0x0000000056d30000,0x0000000056e30000)]
=>0x000000005668f000 JavaThread "C2 CompilerThread0" daemon [_thread_in_native, id=7816, stack(0x00000000562a0000,0x00000000563a0000)]
  0x000000005660d800 JavaThread "Monitor Ctrl-Break" daemon [_thread_in_native, id=596, stack(0x00000000569f0000,0x0000000056af0000)]
  0x000000005421c800 JavaThread "Attach Listener" daemon [_thread_blocked, id=6156, stack(0x00000000563c0000,0x00000000564c0000)]
  0x0000000054204800 JavaThread "Signal Dispatcher" daemon [_thread_blocked, id=8124, stack(0x0000000056150000,0x0000000056250000)]
  0x00000000541f0800 JavaThread "Finalizer" daemon [_thread_blocked, id=7204, stack(0x0000000056050000,0x0000000056150000)]
  0x00000000541a7800 JavaThread "Reference Handler" daemon [_thread_blocked, id=7408, stack(0x0000000055ea0000,0x0000000055fa0000)]
  0x0000000001ed0800 JavaThread "main" [_thread_in_vm, id=4172, stack(0x0000000002300000,0x0000000002400000)]

Other Threads:
  0x000000005419f800 VMThread [stack: 0x0000000055cf0000,0x0000000055df0000] [id=7672]
  0x000000005670b800 WatcherThread [stack: 0x0000000057160000,0x0000000057260000] [id=3520]

VM state:not at safepoint (normal execution)

VM Mutex/Monitor currently owned by a thread: None

Heap:
 PSYoungGen      total 35328K, used 11818K [0x00000000eb300000, 0x00000000ed800000, 0x0000000100000000)
  eden space 32768K, 32% used [0x00000000eb300000,0x00000000ebd67080,0x00000000ed300000)
  from space 2560K, 45% used [0x00000000ed580000,0x00000000ed6a3a18,0x00000000ed800000)
  to   space 2560K, 0% used [0x00000000ed300000,0x00000000ed300000,0x00000000ed580000)
 ParOldGen       total 44032K, used 16K [0x00000000c1800000, 0x00000000c4300000, 0x00000000eb300000)
  object space 44032K, 0% used [0x00000000c1800000,0x00000000c1804000,0x00000000c4300000)
 Metaspace       used 6782K, capacity 6986K, committed 7296K, reserved 1056768K
  class space    used 752K, capacity 809K, committed 896K, reserved 1048576K

Card table byte_map: [0x00000000117c0000,0x00000000119c0000] byte_map_base: 0x00000000111b4000

Marking Bits: (ParMarkBitMap*) 0x0000000054add850
 Begin Bits: [0x0000000011f30000, 0x0000000012ed0000)
 End Bits:   [0x0000000012ed0000, 0x0000000013e70000)

Polling page: 0x0000000000330000

CodeCache: size=245760Kb used=1947Kb max_used=1947Kb free=243813Kb
 bounds [0x0000000002400000, 0x0000000002670000, 0x0000000011400000]
 total_blobs=708 nmethods=398 adapters=225
 compilation: enabled

Compilation events (10 events):
Event: 1.724 Thread 0x0000000056699800  384       3       java.util.Arrays$ArrayList::size (6 bytes)
Event: 1.724 Thread 0x0000000056699800 nmethod 384 0x00000000025dfb90 code [0x00000000025dfce0, 0x00000000025dfe30]
Event: 1.724 Thread 0x0000000056699800  385       3       java.util.Collections$UnmodifiableCollection$1::hasNext (10 bytes)
Event: 1.725 Thread 0x0000000056699800 nmethod 385 0x00000000025df390 code [0x00000000025df500, 0x00000000025df728]
Event: 1.725 Thread 0x0000000056699800  388       3       java.lang.invoke.InvokerBytecodeGenerator::isStaticallyNameable (116 bytes)
Event: 1.726 Thread 0x000000005668f000  393       4       java.lang.Math::min (11 bytes)
Event: 1.726 Thread 0x000000005668f000 nmethod 393 0x00000000025e5bd0 code [0x00000000025e5d00, 0x00000000025e5d58]
Event: 1.728 Thread 0x0000000056699800 nmethod 388 0x00000000025e5dd0 code [0x00000000025e6140, 0x00000000025e81b8]
Event: 1.728 Thread 0x0000000056699800  395       3       jdk.internal.org.objectweb.asm.Frame::execute (2252 bytes)
Event: 1.734 Thread 0x000000005668f000  406       4       jdk.internal.org.objectweb.asm.ByteVector::putUTF8 (142 bytes)

GC Heap History (4 events):
Event: 0.809 GC heap before
{Heap before GC invocations=1 (full 0):
 PSYoungGen      total 18944K, used 16356K [0x00000000eb300000, 0x00000000ec800000, 0x0000000100000000)
  eden space 16384K, 99% used [0x00000000eb300000,0x00000000ec2f9058,0x00000000ec300000)
  from space 2560K, 0% used [0x00000000ec580000,0x00000000ec580000,0x00000000ec800000)
  to   space 2560K, 0% used [0x00000000ec300000,0x00000000ec300000,0x00000000ec580000)
 ParOldGen       total 44032K, used 0K [0x00000000c1800000, 0x00000000c4300000, 0x00000000eb300000)
  object space 44032K, 0% used [0x00000000c1800000,0x00000000c1800000,0x00000000c4300000)
 Metaspace       used 3506K, capacity 4564K, committed 4864K, reserved 1056768K
  class space    used 382K, capacity 388K, committed 512K, reserved 1048576K
Event: 0.831 GC heap after
Heap after GC invocations=1 (full 0):
 PSYoungGen      total 18944K, used 1207K [0x00000000eb300000, 0x00000000ed800000, 0x0000000100000000)
  eden space 16384K, 0% used [0x00000000eb300000,0x00000000eb300000,0x00000000ec300000)
  from space 2560K, 47% used [0x00000000ec300000,0x00000000ec42dec8,0x00000000ec580000)
  to   space 2560K, 0% used [0x00000000ed580000,0x00000000ed580000,0x00000000ed800000)
 ParOldGen       total 44032K, used 8K [0x00000000c1800000, 0x00000000c4300000, 0x00000000eb300000)
  object space 44032K, 0% used [0x00000000c1800000,0x00000000c1802000,0x00000000c4300000)
 Metaspace       used 3506K, capacity 4564K, committed 4864K, reserved 1056768K
  class space    used 382K, capacity 388K, committed 512K, reserved 1048576K
}
Event: 0.887 GC heap before
{Heap before GC invocations=2 (full 0):
 PSYoungGen      total 18944K, used 17591K [0x00000000eb300000, 0x00000000ed800000, 0x0000000100000000)
  eden space 16384K, 100% used [0x00000000eb300000,0x00000000ec300000,0x00000000ec300000)
  from space 2560K, 47% used [0x00000000ec300000,0x00000000ec42dec8,0x00000000ec580000)
  to   space 2560K, 0% used [0x00000000ed580000,0x00000000ed580000,0x00000000ed800000)
 ParOldGen       total 44032K, used 8K [0x00000000c1800000, 0x00000000c4300000, 0x00000000eb300000)
  object space 44032K, 0% used [0x00000000c1800000,0x00000000c1802000,0x00000000c4300000)
 Metaspace       used 3668K, capacity 4664K, committed 4864K, reserved 1056768K
  class space    used 388K, capacity 424K, committed 512K, reserved 1048576K
Event: 0.890 GC heap after
Heap after GC invocations=2 (full 0):
 PSYoungGen      total 35328K, used 1166K [0x00000000eb300000, 0x00000000ed800000, 0x0000000100000000)
  eden space 32768K, 0% used [0x00000000eb300000,0x00000000eb300000,0x00000000ed300000)
  from space 2560K, 45% used [0x00000000ed580000,0x00000000ed6a3a18,0x00000000ed800000)
  to   space 2560K, 0% used [0x00000000ed300000,0x00000000ed300000,0x00000000ed580000)
 ParOldGen       total 44032K, used 16K [0x00000000c1800000, 0x00000000c4300000, 0x00000000eb300000)
  object space 44032K, 0% used [0x00000000c1800000,0x00000000c1804000,0x00000000c4300000)
 Metaspace       used 3668K, capacity 4664K, committed 4864K, reserved 1056768K
  class space    used 388K, capacity 424K, committed 512K, reserved 1048576K
}

Deoptimization events (1 events):
Event: 1.432 Thread 0x0000000001ed0800 Uncommon trap: reason=unstable_if action=reinterpret pc=0x0000000002580940 method=sun.misc.MetaIndex.mayContain(Ljava/lang/String;)Z @ 38

Internal exceptions (10 events):
Event: 1.163 Thread 0x0000000001ed0800 Exception <a 'java/lang/ArrayIndexOutOfBoundsException': 160> (0x00000000eb775dc8) thrown at [C:\re\workspace\8-2-build-windows-amd64-cygwin\jdk8u151\9699\hotspot\src\share\vm\interpreter\interpreterRuntime.cpp, line 366]
Event: 1.168 Thread 0x0000000001ed0800 Exception <a 'java/lang/ClassNotFoundException': org/apache/log4j/LayoutCustomizer> (0x00000000eb78fe68) thrown at [C:\re\workspace\8-2-build-windows-amd64-cygwin\jdk8u151\9699\hotspot\src\share\vm\classfile\systemDictionary.cpp, line 210]
Event: 1.171 Thread 0x0000000001ed0800 Exception <a 'java/lang/ClassNotFoundException': org/apache/log4j/PatternLayoutCustomizer> (0x00000000eb7afc78) thrown at [C:\re\workspace\8-2-build-windows-amd64-cygwin\jdk8u151\9699\hotspot\src\share\vm\classfile\systemDictionary.cpp, line 210]
Event: 1.515 Thread 0x0000000001ed0800 Exception <a 'java/lang/ClassNotFoundException': org/apache/log4j/FileAppenderBeanInfo> (0x00000000eb8c8fe8) thrown at [C:\re\workspace\8-2-build-windows-amd64-cygwin\jdk8u151\9699\hotspot\src\share\vm\classfile\systemDictionary.cpp, line 210]
Event: 1.515 Thread 0x0000000001ed0800 Exception <a 'java/lang/ClassNotFoundException': org/apache/log4j/WriterAppenderBeanInfo> (0x00000000eb8d43a0) thrown at [C:\re\workspace\8-2-build-windows-amd64-cygwin\jdk8u151\9699\hotspot\src\share\vm\classfile\systemDictionary.cpp, line 210]
Event: 1.516 Thread 0x0000000001ed0800 Exception <a 'java/lang/ClassNotFoundException': org/apache/log4j/AppenderSkeletonBeanInfo> (0x00000000eb8dfac8) thrown at [C:\re\workspace\8-2-build-windows-amd64-cygwin\jdk8u151\9699\hotspot\src\share\vm\classfile\systemDictionary.cpp, line 210]
Event: 1.517 Thread 0x0000000001ed0800 Exception <a 'java/lang/ClassNotFoundException': org/apache/log4j/AppenderSkeletonCustomizer> (0x00000000eb8eba78) thrown at [C:\re\workspace\8-2-build-windows-amd64-cygwin\jdk8u151\9699\hotspot\src\share\vm\classfile\systemDictionary.cpp, line 210]
Event: 1.521 Thread 0x0000000001ed0800 Exception <a 'java/lang/ClassNotFoundException': org/apache/log4j/WriterAppenderCustomizer> (0x00000000eb90d2e0) thrown at [C:\re\workspace\8-2-build-windows-amd64-cygwin\jdk8u151\9699\hotspot\src\share\vm\classfile\systemDictionary.cpp, line 210]
Event: 1.526 Thread 0x0000000001ed0800 Exception <a 'java/lang/ClassNotFoundException': org/apache/log4j/FileAppenderCustomizer> (0x00000000eb924d28) thrown at [C:\re\workspace\8-2-build-windows-amd64-cygwin\jdk8u151\9699\hotspot\src\share\vm\classfile\systemDictionary.cpp, line 210]
Event: 1.732 Thread 0x0000000001ed0800 Exception <a 'java/lang/NoSuchFieldError': method resolution failed> (0x00000000ebd51a10) thrown at [C:\re\workspace\8-2-build-windows-amd64-cygwin\jdk8u151\9699\hotspot\src\share\vm\prims\methodHandles.cpp, line 1146]

Events (10 events):
Event: 1.702 loading class java/lang/invoke/MethodHandleImpl$AsVarargsCollector
Event: 1.702 loading class java/lang/invoke/DelegatingMethodHandle
Event: 1.703 loading class java/lang/invoke/DelegatingMethodHandle done
Event: 1.703 loading class java/lang/invoke/MethodHandleImpl$AsVarargsCollector done
Event: 1.703 loading class java/lang/invoke/WrongMethodTypeException
Event: 1.703 loading class java/lang/invoke/WrongMethodTypeException done
Event: 1.706 loading class java/lang/invoke/MethodHandleImpl$Lazy
Event: 1.707 loading class java/lang/invoke/MethodHandleImpl$Lazy done
Event: 1.710 loading class java/lang/invoke/MethodHandleImpl$IntrinsicMethodHandle
Event: 1.710 loading class java/lang/invoke/MethodHandleImpl$IntrinsicMethodHandle done


Dynamic libraries:
0x000000013f9e0000 - 0x000000013fa17000 	D:\Java\jdk1.8.0_151\bin\java.exe
0x0000000077090000 - 0x000000007723a000 	C:\Windows\SYSTEM32\ntdll.dll
0x0000000076e70000 - 0x0000000076f8f000 	C:\Windows\system32\kernel32.dll
0x000007fefd090000 - 0x000007fefd0fa000 	C:\Windows\system32\KERNELBASE.dll
0x000007fefe5b0000 - 0x000007fefe68b000 	C:\Windows\system32\ADVAPI32.dll
0x000007fefe690000 - 0x000007fefe72f000 	C:\Windows\system32\msvcrt.dll
0x000007fefe360000 - 0x000007fefe37f000 	C:\Windows\SYSTEM32\sechost.dll
0x000007fefe7d0000 - 0x000007fefe8fd000 	C:\Windows\system32\RPCRT4.dll
0x0000000076f90000 - 0x000000007708a000 	C:\Windows\system32\USER32.dll
0x000007fefec70000 - 0x000007fefecd7000 	C:\Windows\system32\GDI32.dll
0x000007fefd3e0000 - 0x000007fefd3ee000 	C:\Windows\system32\LPK.dll
0x000007feff1f0000 - 0x000007feff2bb000 	C:\Windows\system32\USP10.dll
0x000007fefba70000 - 0x000007fefbc64000 	C:\Windows\WinSxS\amd64_microsoft.windows.common-controls_6595b64144ccf1df_6.0.7601.18837_none_fa3b1e3d17594757\COMCTL32.dll
0x000007fefe380000 - 0x000007fefe3f1000 	C:\Windows\system32\SHLWAPI.dll
0x000007fefd3b0000 - 0x000007fefd3de000 	C:\Windows\system32\IMM32.DLL
0x000007fefe950000 - 0x000007fefea59000 	C:\Windows\system32\MSCTF.dll
0x000000006d6f0000 - 0x000000006d7c2000 	D:\Java\jdk1.8.0_151\jre\bin\msvcr100.dll
0x00000000542c0000 - 0x0000000054b5d000 	D:\Java\jdk1.8.0_151\jre\bin\server\jvm.dll
0x000007fefafe0000 - 0x000007fefafe9000 	C:\Windows\system32\WSOCK32.dll
0x000007fefe900000 - 0x000007fefe94d000 	C:\Windows\system32\WS2_32.dll
0x000007fefeee0000 - 0x000007fefeee8000 	C:\Windows\system32\NSI.dll
0x000007fef8ac0000 - 0x000007fef8afb000 	C:\Windows\system32\WINMM.dll
0x000007fefc100000 - 0x000007fefc10c000 	C:\Windows\system32\VERSION.dll
0x0000000077250000 - 0x0000000077257000 	C:\Windows\system32\PSAPI.DLL
0x00000000709f0000 - 0x00000000709ff000 	D:\Java\jdk1.8.0_151\jre\bin\verify.dll
0x00000000707c0000 - 0x00000000707e9000 	D:\Java\jdk1.8.0_151\jre\bin\java.dll
0x0000000070790000 - 0x00000000707b3000 	D:\Java\jdk1.8.0_151\jre\bin\instrument.dll
0x0000000070850000 - 0x0000000070866000 	D:\Java\jdk1.8.0_151\jre\bin\zip.dll
0x000007fefd5d0000 - 0x000007fefe35a000 	C:\Windows\system32\SHELL32.dll
0x000007fefece0000 - 0x000007fefeedc000 	C:\Windows\system32\ole32.dll
0x000007fefcfa0000 - 0x000007fefcfaf000 	C:\Windows\system32\profapi.dll
0x000007fef57f0000 - 0x000007fef580a000 	D:\IDEA\IntelliJ IDEA 2017.1.4\bin\breakgen64.dll
0x0000000070770000 - 0x000000007078a000 	D:\Java\jdk1.8.0_151\jre\bin\net.dll
0x000007fefc810000 - 0x000007fefc865000 	C:\Windows\system32\mswsock.dll
0x000007fefc800000 - 0x000007fefc807000 	C:\Windows\System32\wship6.dll

VM Arguments:
jvm_args: -javaagent:D:\IDEA\IntelliJ IDEA 2017.1.4\lib\idea_rt.jar=54146:D:\IDEA\IntelliJ IDEA 2017.1.4\bin -Dfile.encoding=UTF-8 
java_command: com.qf.dao.DeptDao
java_class_path (initial): D:\Java\jdk1.8.0_151\jre\lib\charsets.jar;D:\Java\jdk1.8.0_151\jre\lib\deploy.jar;D:\Java\jdk1.8.0_151\jre\lib\ext\access-bridge-64.jar;D:\Java\jdk1.8.0_151\jre\lib\ext\cldrdata.jar;D:\Java\jdk1.8.0_151\jre\lib\ext\dnsns.jar;D:\Java\jdk1.8.0_151\jre\lib\ext\jaccess.jar;D:\Java\jdk1.8.0_151\jre\lib\ext\jfxrt.jar;D:\Java\jdk1.8.0_151\jre\lib\ext\localedata.jar;D:\Java\jdk1.8.0_151\jre\lib\ext\nashorn.jar;D:\Java\jdk1.8.0_151\jre\lib\ext\sunec.jar;D:\Java\jdk1.8.0_151\jre\lib\ext\sunjce_provider.jar;D:\Java\jdk1.8.0_151\jre\lib\ext\sunmscapi.jar;D:\Java\jdk1.8.0_151\jre\lib\ext\sunpkcs11.jar;D:\Java\jdk1.8.0_151\jre\lib\ext\zipfs.jar;D:\Java\jdk1.8.0_151\jre\lib\javaws.jar;D:\Java\jdk1.8.0_151\jre\lib\jce.jar;D:\Java\jdk1.8.0_151\jre\lib\jfr.jar;D:\Java\jdk1.8.0_151\jre\lib\jfxswt.jar;D:\Java\jdk1.8.0_151\jre\lib\jsse.jar;D:\Java\jdk1.8.0_151\jre\lib\management-agent.jar;D:\Java\jdk1.8.0_151\jre\lib\plugin.jar;D:\Java\jdk1.8.0_151\jre\lib\resources.jar;D:\Java\jdk1.8.0_151\jre\lib\rt.jar;E:\WorkSpace_qf\µÚÈý½×¶Î\hibernate04\target\classes;C:\Users\Administrator\.m2\repository\org\hibernate\hibernate-core\5.2.10.Final\hibernate-core-5.2.10.Final.jar;C:\Users\Administrator\.m2\repository\org\jboss\logging\jboss-logging\3.3.0.Final\jboss-logging-3.3.0.Final.jar;C:\Users\Administrator\.m2\repository\org\hibernate\javax\persistence\hibernate-jpa-2.1-api\1.0.0.Final\hibernate-jpa-2.1-api-1.0.0.Final.jar;C:\Users\Administrator\.m2\repository\org\javassist\javassist\3.20.0-GA\javassist-3.20.0-GA.jar;C:\Users\Administrator\.m2\repository\antlr\antlr\2.7.7\antlr-2.7.7.jar;C:\Users\Administrator\.m2\repository\org\jboss\spec\javax\transaction\jboss-transaction-api_1.2_spec\1.0.1.Final\jboss-transaction-api_1.2_spec-1.0.1.Final.jar;C:\Users\Administrator\.m2\repository\org\jboss\jandex\2.0.3.Final\jandex-2.0.3.Final.jar;C:\Users\Administrator\.m2\repository\com\fasterxml\classmate\1.3.0\classmate-1.3.0.jar;C:\Users\Administrator\.m2\repository\dom4j\do
Launcher Type: SUN_STANDARD

Environment Variables:
JAVA_HOME=D:\Java\jdk1.8.0_151
PATH=D:\Java\jdk1.8.0_151\bin;C:\ProgramData\Oracle\Java\javapath;C:\Windows\system32;C:\Windows;C:\Windows\System32\Wbem;C:\Windows\System32\WindowsPowerShell\v1.0\;D:\Program File\MySQL\bin
USERNAME=Administrator
OS=Windows_NT
PROCESSOR_IDENTIFIER=Intel64 Family 6 Model 23 Stepping 10, GenuineIntel



---------------  S Y S T E M  ---------------

OS: Windows 7 , 64 bit Build 7601 (6.1.7601.23915)

CPU:total 2 (initial active 2) (2 cores per cpu, 1 threads per core) family 6 model 23 stepping 10, cmov, cx8, fxsr, mmx, sse, sse2, sse3, ssse3, sse4.1, tsc

Memory: 4k page, physical 4087836k(603676k free), swap 6183128k(5112k free)

vm_info: Java HotSpot(TM) 64-Bit Server VM (25.151-b12) for windows-amd64 JRE (1.8.0_151-b12), built on Sep  5 2017 19:33:46 by "java_re" with MS VC++ 10.0 (VS2010)

time: Thu Mar 08 11:46:41 2018
elapsed time: 1 seconds (0d 0h 0m 1s)

