#
# There is insufficient memory for the Java Runtime Environment to continue.
# Native memory allocation (malloc) failed to allocate 32744 bytes for ChunkPool::allocate
# Possible reasons:
#   The system is out of physical RAM or swap space
#   In 32 bit mode, the process size limit was hit
# Possible solutions:
#   Reduce memory load on the system
#   Increase physical memory or swap space
#   Check if swap backing store is full
#   Use 64 bit Java on a 64 bit OS
#   Decrease Java heap size (-Xmx/-Xms)
#   Decrease number of Java threads
#   Decrease Java thread stack sizes (-Xss)
#   Set larger code cache with -XX:ReservedCodeCacheSize=
# This output file may be truncated or incomplete.
#
#  Out of Memory Error (allocation.cpp:273), pid=7700, tid=0x0000000000000d88
#
# JRE version: Java(TM) SE Runtime Environment (8.0_151-b12) (build 1.8.0_151-b12)
# Java VM: Java HotSpot(TM) 64-Bit Server VM (25.151-b12 mixed mode windows-amd64 compressed oops)
# Failed to write core dump. Minidumps are not enabled by default on client versions of Windows
#

---------------  T H R E A D  ---------------

Current thread (0x000000005667d800):  JavaThread "C2 CompilerThread0" daemon [_thread_in_native, id=3464, stack(0x0000000055ad0000,0x0000000055bd0000)]

Stack: [0x0000000055ad0000,0x0000000055bd0000]
[error occurred during error reporting (printing stack bounds), id 0xc0000005]

Native frames: (J=compiled Java code, j=interpreted, Vv=VM code, C=native code)


Current CompileTask:
C2:   3877 1710 % !   4       com.sun.xml.internal.bind.v2.bytecode.ClassTailor::tailor @ 180 (381 bytes)


---------------  P R O C E S S  ---------------

Java Threads: ( => current thread )
  0x00000000566f4800 JavaThread "Service Thread" daemon [_thread_blocked, id=6076, stack(0x0000000056cf0000,0x0000000056df0000)]
  0x000000005667e000 JavaThread "C1 CompilerThread1" daemon [_thread_blocked, id=4684, stack(0x0000000056b10000,0x0000000056c10000)]
=>0x000000005667d800 JavaThread "C2 CompilerThread0" daemon [_thread_in_native, id=3464, stack(0x0000000055ad0000,0x0000000055bd0000)]
  0x0000000056619000 JavaThread "Monitor Ctrl-Break" daemon [_thread_in_native, id=7124, stack(0x0000000056920000,0x0000000056a20000)]
  0x0000000053fc1000 JavaThread "Attach Listener" daemon [_thread_blocked, id=6772, stack(0x00000000563b0000,0x00000000564b0000)]
  0x0000000053fab000 JavaThread "Signal Dispatcher" daemon [_thread_blocked, id=5416, stack(0x0000000056170000,0x0000000056270000)]
  0x0000000053f80800 JavaThread "Finalizer" daemon [_thread_blocked, id=7632, stack(0x0000000055f40000,0x0000000056040000)]
  0x0000000053f37800 JavaThread "Reference Handler" daemon [_thread_blocked, id=668, stack(0x0000000055db0000,0x0000000055eb0000)]
  0x0000000001ce0800 JavaThread "main" [_thread_in_vm, id=3260, stack(0x00000000020c0000,0x00000000021c0000)]

Other Threads:
  0x0000000053f2f800 VMThread [stack: 0x0000000055c30000,0x0000000055d30000] [id=6808]
  0x0000000056788800 WatcherThread [stack: 0x00000000562a0000,0x00000000563a0000] [id=1792]

VM state:not at safepoint (normal execution)

VM Mutex/Monitor currently owned by a thread: None

Heap:
 PSYoungGen      total 35328K, used 34711K [0x00000000eb300000, 0x00000000ed800000, 0x0000000100000000)
  eden space 32768K, 98% used [0x00000000eb300000,0x00000000ed266ac0,0x00000000ed300000)
  from space 2560K, 99% used [0x00000000ed580000,0x00000000ed7ff280,0x00000000ed800000)
  to   space 2560K, 0% used [0x00000000ed300000,0x00000000ed300000,0x00000000ed580000)
 ParOldGen       total 44032K, used 2618K [0x00000000c1800000, 0x00000000c4300000, 0x00000000eb300000)
  object space 44032K, 5% used [0x00000000c1800000,0x00000000c1a8eb00,0x00000000c4300000)
 Metaspace       used 15756K, capacity 16100K, committed 16384K, reserved 1062912K
  class space    used 2162K, capacity 2240K, committed 2304K, reserved 1048576K

Card table byte_map: [0x0000000011680000,0x0000000011880000] byte_map_base: 0x0000000011074000

Marking Bits: (ParMarkBitMap*) 0x0000000054add850
 Begin Bits: [0x0000000011cc0000, 0x0000000012c60000)
 End Bits:   [0x0000000012c60000, 0x0000000013c00000)

Polling page: 0x0000000000230000

CodeCache: size=245760Kb used=6314Kb max_used=6314Kb free=239445Kb
 bounds [0x00000000022c0000, 0x00000000028f0000, 0x00000000112c0000]
 total_blobs=2056 nmethods=1714 adapters=256
 compilation: enabled

Compilation events (10 events):
Event: 3.774 Thread 0x000000005667e000 1715       3       java.io.ByteArrayOutputStream::close (1 bytes)
Event: 3.774 Thread 0x000000005667e000 nmethod 1715 0x00000000028ec410 code [0x00000000028ec560, 0x00000000028ec6b0]
Event: 3.774 Thread 0x000000005667e000 1711       3       java.lang.Class::getDeclaredMethods (18 bytes)
Event: 3.774 Thread 0x000000005667e000 nmethod 1711 0x00000000028ec710 code [0x00000000028ec8a0, 0x00000000028ecad8]
Event: 3.782 Thread 0x000000005667e000 1718       3       com.sun.xml.internal.bind.v2.runtime.NameBuilder::createName (81 bytes)
Event: 3.782 Thread 0x000000005667e000 nmethod 1718 0x00000000028ecbd0 code [0x00000000028ecd60, 0x00000000028ed078]
Event: 3.814 Thread 0x000000005667e000 1719       1       com.sun.xml.internal.bind.v2.model.impl.RuntimeAttributePropertyInfoImpl::getSource (2 bytes)
Event: 3.814 Thread 0x000000005667e000 nmethod 1719 0x00000000028ed1d0 code [0x00000000028ed320, 0x00000000028ed430]
Event: 3.852 Thread 0x000000005667e000 1720       3       com.sun.xml.internal.bind.v2.runtime.JAXBContextImpl::getOrCreate (47 bytes)
Event: 3.852 Thread 0x000000005667e000 nmethod 1720 0x00000000028ed490 code [0x00000000028ed620, 0x00000000028edae8]

GC Heap History (8 events):
Event: 0.668 GC heap before
{Heap before GC invocations=1 (full 0):
 PSYoungGen      total 18944K, used 16347K [0x00000000eb300000, 0x00000000ec800000, 0x0000000100000000)
  eden space 16384K, 99% used [0x00000000eb300000,0x00000000ec2f6fb8,0x00000000ec300000)
  from space 2560K, 0% used [0x00000000ec580000,0x00000000ec580000,0x00000000ec800000)
  to   space 2560K, 0% used [0x00000000ec300000,0x00000000ec300000,0x00000000ec580000)
 ParOldGen       total 44032K, used 0K [0x00000000c1800000, 0x00000000c4300000, 0x00000000eb300000)
  object space 44032K, 0% used [0x00000000c1800000,0x00000000c1800000,0x00000000c4300000)
 Metaspace       used 3505K, capacity 4564K, committed 4864K, reserved 1056768K
  class space    used 382K, capacity 388K, committed 512K, reserved 1048576K
Event: 0.672 GC heap after
Heap after GC invocations=1 (full 0):
 PSYoungGen      total 18944K, used 1207K [0x00000000eb300000, 0x00000000ec800000, 0x0000000100000000)
  eden space 16384K, 0% used [0x00000000eb300000,0x00000000eb300000,0x00000000ec300000)
  from space 2560K, 47% used [0x00000000ec300000,0x00000000ec42de80,0x00000000ec580000)
  to   space 2560K, 0% used [0x00000000ec580000,0x00000000ec580000,0x00000000ec800000)
 ParOldGen       total 44032K, used 0K [0x00000000c1800000, 0x00000000c4300000, 0x00000000eb300000)
  object space 44032K, 0% used [0x00000000c1800000,0x00000000c1800000,0x00000000c4300000)
 Metaspace       used 3505K, capacity 4564K, committed 4864K, reserved 1056768K
  class space    used 382K, capacity 388K, committed 512K, reserved 1048576K
}
Event: 0.737 GC heap before
{Heap before GC invocations=2 (full 0):
 PSYoungGen      total 18944K, used 17591K [0x00000000eb300000, 0x00000000ec800000, 0x0000000100000000)
  eden space 16384K, 100% used [0x00000000eb300000,0x00000000ec300000,0x00000000ec300000)
  from space 2560K, 47% used [0x00000000ec300000,0x00000000ec42de80,0x00000000ec580000)
  to   space 2560K, 0% used [0x00000000ec580000,0x00000000ec580000,0x00000000ec800000)
 ParOldGen       total 44032K, used 0K [0x00000000c1800000, 0x00000000c4300000, 0x00000000eb300000)
  object space 44032K, 0% used [0x00000000c1800000,0x00000000c1800000,0x00000000c4300000)
 Metaspace       used 3590K, capacity 4568K, committed 4864K, reserved 1056768K
  class space    used 387K, capacity 392K, committed 512K, reserved 1048576K
Event: 0.782 GC heap after
Heap after GC invocations=2 (full 0):
 PSYoungGen      total 18944K, used 1130K [0x00000000eb300000, 0x00000000ed800000, 0x0000000100000000)
  eden space 16384K, 0% used [0x00000000eb300000,0x00000000eb300000,0x00000000ec300000)
  from space 2560K, 44% used [0x00000000ec580000,0x00000000ec69ab20,0x00000000ec800000)
  to   space 2560K, 0% used [0x00000000ec300000,0x00000000ec300000,0x00000000ec580000)
 ParOldGen       total 44032K, used 0K [0x00000000c1800000, 0x00000000c4300000, 0x00000000eb300000)
  object space 44032K, 0% used [0x00000000c1800000,0x00000000c1800000,0x00000000c4300000)
 Metaspace       used 3590K, capacity 4568K, committed 4864K, reserved 1056768K
  class space    used 387K, capacity 392K, committed 512K, reserved 1048576K
}
Event: 1.665 GC heap before
{Heap before GC invocations=3 (full 0):
 PSYoungGen      total 18944K, used 17514K [0x00000000eb300000, 0x00000000ed800000, 0x0000000100000000)
  eden space 16384K, 100% used [0x00000000eb300000,0x00000000ec300000,0x00000000ec300000)
  from space 2560K, 44% used [0x00000000ec580000,0x00000000ec69ab20,0x00000000ec800000)
  to   space 2560K, 0% used [0x00000000ec300000,0x00000000ec300000,0x00000000ec580000)
 ParOldGen       total 44032K, used 0K [0x00000000c1800000, 0x00000000c4300000, 0x00000000eb300000)
  object space 44032K, 0% used [0x00000000c1800000,0x00000000c1800000,0x00000000c4300000)
 Metaspace       used 7843K, capacity 8114K, committed 8192K, reserved 1056768K
  class space    used 937K, capacity 1021K, committed 1024K, reserved 1048576K
Event: 1.674 GC heap after
Heap after GC invocations=3 (full 0):
 PSYoungGen      total 18944K, used 2555K [0x00000000eb300000, 0x00000000ed800000, 0x0000000100000000)
  eden space 16384K, 0% used [0x00000000eb300000,0x00000000eb300000,0x00000000ec300000)
  from space 2560K, 99% used [0x00000000ec300000,0x00000000ec57ec28,0x00000000ec580000)
  to   space 2560K, 0% used [0x00000000ed580000,0x00000000ed580000,0x00000000ed800000)
 ParOldGen       total 44032K, used 802K [0x00000000c1800000, 0x00000000c4300000, 0x00000000eb300000)
  object space 44032K, 1% used [0x00000000c1800000,0x00000000c18c8a68,0x00000000c4300000)
 Metaspace       used 7843K, capacity 8114K, committed 8192K, reserved 1056768K
  class space    used 937K, capacity 1021K, committed 1024K, reserved 1048576K
}
Event: 2.630 GC heap before
{Heap before GC invocations=4 (full 0):
 PSYoungGen      total 18944K, used 18939K [0x00000000eb300000, 0x00000000ed800000, 0x0000000100000000)
  eden space 16384K, 100% used [0x00000000eb300000,0x00000000ec300000,0x00000000ec300000)
  from space 2560K, 99% used [0x00000000ec300000,0x00000000ec57ec28,0x00000000ec580000)
  to   space 2560K, 0% used [0x00000000ed580000,0x00000000ed580000,0x00000000ed800000)
 ParOldGen       total 44032K, used 802K [0x00000000c1800000, 0x00000000c4300000, 0x00000000eb300000)
  object space 44032K, 1% used [0x00000000c1800000,0x00000000c18c8a68,0x00000000c4300000)
 Metaspace       used 13363K, capacity 13672K, committed 13824K, reserved 1060864K
  class space    used 1671K, capacity 1772K, committed 1792K, reserved 1048576K
Event: 2.643 GC heap after
Heap after GC invocations=4 (full 0):
 PSYoungGen      total 35328K, used 2556K [0x00000000eb300000, 0x00000000ed800000, 0x0000000100000000)
  eden space 32768K, 0% used [0x00000000eb300000,0x00000000eb300000,0x00000000ed300000)
  from space 2560K, 99% used [0x00000000ed580000,0x00000000ed7ff280,0x00000000ed800000)
  to   space 2560K, 0% used [0x00000000ed300000,0x00000000ed300000,0x00000000ed580000)
 ParOldGen       total 44032K, used 2618K [0x00000000c1800000, 0x00000000c4300000, 0x00000000eb300000)
  object space 44032K, 5% used [0x00000000c1800000,0x00000000c1a8eb00,0x00000000c4300000)
 Metaspace       used 13363K, capacity 13672K, committed 13824K, reserved 1060864K
  class space    used 1671K, capacity 1772K, committed 1792K, reserved 1048576K
}

Deoptimization events (10 events):
Event: 1.901 Thread 0x0000000001ce0800 Uncommon trap: reason=unstable_if action=reinterpret pc=0x000000000256c71c method=java.util.HashMap.getNode(ILjava/lang/Object;)Ljava/util/HashMap$Node; @ 129
Event: 2.241 Thread 0x0000000001ce0800 Uncommon trap: reason=class_check action=maybe_recompile pc=0x000000000250f0c4 method=java.util.regex.Pattern$BmpCharProperty.match(Ljava/util/regex/Matcher;ILjava/lang/CharSequence;)Z @ 31
Event: 2.241 Thread 0x0000000001ce0800 Uncommon trap: reason=class_check action=maybe_recompile pc=0x000000000250f0c4 method=java.util.regex.Pattern$BmpCharProperty.match(Ljava/util/regex/Matcher;ILjava/lang/CharSequence;)Z @ 31
Event: 2.548 Thread 0x0000000001ce0800 Uncommon trap: reason=unstable_if action=reinterpret pc=0x000000000260a664 method=com.sun.org.apache.xerces.internal.impl.XMLEntityScanner.checkBeforeLoad(Lcom/sun/xml/internal/stream/Entity$ScannedEntity;II)I @ 18
Event: 2.682 Thread 0x0000000001ce0800 Uncommon trap: reason=unstable_if action=reinterpret pc=0x00000000025d5f28 method=java.util.HashMap.putVal(ILjava/lang/Object;Ljava/lang/Object;ZZ)Ljava/lang/Object; @ 162
Event: 2.682 Thread 0x0000000001ce0800 Uncommon trap: reason=unstable_if action=reinterpret pc=0x00000000025bc2f8 method=java.util.HashMap.putVal(ILjava/lang/Object;Ljava/lang/Object;ZZ)Ljava/lang/Object; @ 162
Event: 2.683 Thread 0x0000000001ce0800 Uncommon trap: reason=unstable_if action=reinterpret pc=0x00000000025d3484 method=java.util.HashMap.getNode(ILjava/lang/Object;)Ljava/util/HashMap$Node; @ 84
Event: 2.683 Thread 0x0000000001ce0800 Uncommon trap: reason=unstable_if action=reinterpret pc=0x0000000002597ff0 method=java.util.HashMap.getNode(ILjava/lang/Object;)Ljava/util/HashMap$Node; @ 84
Event: 2.707 Thread 0x0000000001ce0800 Uncommon trap: reason=unstable_if action=reinterpret pc=0x0000000002674668 method=com.sun.org.apache.xerces.internal.impl.XMLEntityScanner.peekChar()I @ 14
Event: 2.755 Thread 0x0000000001ce0800 Uncommon trap: reason=unstable_if action=reinterpret pc=0x00000000026b0bec method=com.sun.org.apache.xerces.internal.impl.dtd.models.CMStateSet.getBit(I)Z @ 37

Internal exceptions (10 events):
Event: 1.332 Thread 0x0000000001ce0800 Exception <a 'java/lang/ClassNotFoundException': org/apache/log4j/AppenderSkeletonCustomizer> (0x00000000eb882a78) thrown at [C:\re\workspace\8-2-build-windows-amd64-cygwin\jdk8u151\9699\hotspot\src\share\vm\classfile\systemDictionary.cpp, line 210]
Event: 1.338 Thread 0x0000000001ce0800 Exception <a 'java/lang/ClassNotFoundException': org/apache/log4j/WriterAppenderCustomizer> (0x00000000eb8a4280) thrown at [C:\re\workspace\8-2-build-windows-amd64-cygwin\jdk8u151\9699\hotspot\src\share\vm\classfile\systemDictionary.cpp, line 210]
Event: 1.342 Thread 0x0000000001ce0800 Exception <a 'java/lang/ClassNotFoundException': org/apache/log4j/FileAppenderCustomizer> (0x00000000eb8bbcc8) thrown at [C:\re\workspace\8-2-build-windows-amd64-cygwin\jdk8u151\9699\hotspot\src\share\vm\classfile\systemDictionary.cpp, line 210]
Event: 1.493 Thread 0x0000000001ce0800 Exception <a 'java/lang/NoSuchFieldError': method resolution failed> (0x00000000ebceac90) thrown at [C:\re\workspace\8-2-build-windows-amd64-cygwin\jdk8u151\9699\hotspot\src\share\vm\prims\methodHandles.cpp, line 1146]
Event: 1.503 Thread 0x0000000001ce0800 Exception <a 'java/lang/NoSuchFieldError': method resolution failed> (0x00000000ebcf8850) thrown at [C:\re\workspace\8-2-build-windows-amd64-cygwin\jdk8u151\9699\hotspot\src\share\vm\prims\methodHandles.cpp, line 1146]
Event: 1.842 Thread 0x0000000001ce0800 Exception <a 'java/lang/ClassNotFoundException': com/sun/org/glassfish/hk2/osgiresourcelocator/ServiceLoader> (0x00000000eb7aebf8) thrown at [C:\re\workspace\8-2-build-windows-amd64-cygwin\jdk8u151\9699\hotspot\src\share\vm\classfile\systemDictionary.cpp,
Event: 1.848 Thread 0x0000000001ce0800 Exception <a 'java/lang/NullPointerException'> (0x00000000eb7db6a8) thrown at [C:\re\workspace\8-2-build-windows-amd64-cygwin\jdk8u151\9699\hotspot\src\share\vm\interpreter\linkResolver.cpp, line 1285]
Event: 1.921 Thread 0x0000000001ce0800 Exception <a 'java/lang/ArrayIndexOutOfBoundsException'> (0x00000000eb931778) thrown at [C:\re\workspace\8-2-build-windows-amd64-cygwin\jdk8u151\9699\hotspot\src\share\vm\runtime\sharedRuntime.cpp, line 605]
Event: 1.921 Thread 0x0000000001ce0800 Exception <a 'java/lang/ArrayIndexOutOfBoundsException'> (0x00000000eb932c60) thrown at [C:\re\workspace\8-2-build-windows-amd64-cygwin\jdk8u151\9699\hotspot\src\share\vm\runtime\sharedRuntime.cpp, line 605]
Event: 2.774 Thread 0x0000000001ce0800 Exception <a 'java/lang/ClassNotFoundException': com/sun/org/glassfish/hk2/osgiresourcelocator/ServiceLoader> (0x00000000eb70b0e0) thrown at [C:\re\workspace\8-2-build-windows-amd64-cygwin\jdk8u151\9699\hotspot\src\share\vm\classfile\systemDictionary.cpp,

Events (10 events):
Event: 3.274 loading class com/sun/xml/internal/bind/v2/model/impl/RuntimeElementInfoImpl$RuntimePropertyImpl
Event: 3.274 loading class com/sun/xml/internal/bind/v2/model/impl/ElementInfoImpl$PropertyImpl
Event: 3.274 loading class com/sun/xml/internal/bind/v2/model/impl/ElementInfoImpl$PropertyImpl done
Event: 3.274 loading class com/sun/xml/internal/bind/v2/model/impl/RuntimeElementInfoImpl$RuntimePropertyImpl done
Event: 3.325 loading class com/sun/xml/internal/bind/v2/runtime/Utils
Event: 3.326 loading class com/sun/xml/internal/bind/v2/runtime/Utils done
Event: 3.326 loading class com/sun/xml/internal/bind/v2/runtime/Utils$1
Event: 3.326 loading class com/sun/xml/internal/bind/v2/runtime/Utils$1 done
Event: 3.579 Executing VM operation: ForceSafepoint
Event: 3.579 Executing VM operation: ForceSafepoint done


Dynamic libraries:
0x000000013f9e0000 - 0x000000013fa17000 	D:\Java\jdk1.8.0_151\bin\java.exe
0x0000000077090000 - 0x000000007723a000 	C:\Windows\SYSTEM32\ntdll.dll
0x0000000076e70000 - 0x0000000076f8f000 	C:\Windows\system32\kernel32.dll
0x000007fefd090000 - 0x000007fefd0fa000 	C:\Windows\system32\KERNELBASE.dll
0x000007fefe5b0000 - 0x000007fefe68b000 	C:\Windows\system32\ADVAPI32.dll
0x000007fefe690000 - 0x000007fefe72f000 	C:\Windows\system32\msvcrt.dll
0x000007fefe360000 - 0x000007fefe37f000 	C:\Windows\SYSTEM32\sechost.dll
0x000007fefe7d0000 - 0x000007fefe8fd000 	C:\Windows\system32\RPCRT4.dll
0x0000000076f90000 - 0x000000007708a000 	C:\Windows\system32\USER32.dll
0x000007fefec70000 - 0x000007fefecd7000 	C:\Windows\system32\GDI32.dll
0x000007fefd3e0000 - 0x000007fefd3ee000 	C:\Windows\system32\LPK.dll
0x000007feff1f0000 - 0x000007feff2bb000 	C:\Windows\system32\USP10.dll
0x000007fefba70000 - 0x000007fefbc64000 	C:\Windows\WinSxS\amd64_microsoft.windows.common-controls_6595b64144ccf1df_6.0.7601.18837_none_fa3b1e3d17594757\COMCTL32.dll
0x000007fefe380000 - 0x000007fefe3f1000 	C:\Windows\system32\SHLWAPI.dll
0x000007fefd3b0000 - 0x000007fefd3de000 	C:\Windows\system32\IMM32.DLL
0x000007fefe950000 - 0x000007fefea59000 	C:\Windows\system32\MSCTF.dll
0x000000006d6f0000 - 0x000000006d7c2000 	D:\Java\jdk1.8.0_151\jre\bin\msvcr100.dll
0x00000000542c0000 - 0x0000000054b5d000 	D:\Java\jdk1.8.0_151\jre\bin\server\jvm.dll
0x000007fefafe0000 - 0x000007fefafe9000 	C:\Windows\system32\WSOCK32.dll
0x000007fefe900000 - 0x000007fefe94d000 	C:\Windows\system32\WS2_32.dll
0x000007fefeee0000 - 0x000007fefeee8000 	C:\Windows\system32\NSI.dll
0x000007fef8ac0000 - 0x000007fef8afb000 	C:\Windows\system32\WINMM.dll
0x000007fefc100000 - 0x000007fefc10c000 	C:\Windows\system32\VERSION.dll
0x0000000077250000 - 0x0000000077257000 	C:\Windows\system32\PSAPI.DLL
0x00000000709f0000 - 0x00000000709ff000 	D:\Java\jdk1.8.0_151\jre\bin\verify.dll
0x00000000707c0000 - 0x00000000707e9000 	D:\Java\jdk1.8.0_151\jre\bin\java.dll
0x0000000070790000 - 0x00000000707b3000 	D:\Java\jdk1.8.0_151\jre\bin\instrument.dll
0x0000000070850000 - 0x0000000070866000 	D:\Java\jdk1.8.0_151\jre\bin\zip.dll
0x000007fefd5d0000 - 0x000007fefe35a000 	C:\Windows\system32\SHELL32.dll
0x000007fefece0000 - 0x000007fefeedc000 	C:\Windows\system32\ole32.dll
0x000007fefcfa0000 - 0x000007fefcfaf000 	C:\Windows\system32\profapi.dll
0x000007fef57f0000 - 0x000007fef580a000 	D:\IDEA\IntelliJ IDEA 2017.1.4\bin\breakgen64.dll
0x0000000070770000 - 0x000000007078a000 	D:\Java\jdk1.8.0_151\jre\bin\net.dll
0x000007fefc810000 - 0x000007fefc865000 	C:\Windows\system32\mswsock.dll
0x000007fefc800000 - 0x000007fefc807000 	C:\Windows\System32\wship6.dll

VM Arguments:
jvm_args: -javaagent:D:\IDEA\IntelliJ IDEA 2017.1.4\lib\idea_rt.jar=54077:D:\IDEA\IntelliJ IDEA 2017.1.4\bin -Dfile.encoding=UTF-8 
java_command: com.qf.dao.DeptDao
java_class_path (initial): D:\Java\jdk1.8.0_151\jre\lib\charsets.jar;D:\Java\jdk1.8.0_151\jre\lib\deploy.jar;D:\Java\jdk1.8.0_151\jre\lib\ext\access-bridge-64.jar;D:\Java\jdk1.8.0_151\jre\lib\ext\cldrdata.jar;D:\Java\jdk1.8.0_151\jre\lib\ext\dnsns.jar;D:\Java\jdk1.8.0_151\jre\lib\ext\jaccess.jar;D:\Java\jdk1.8.0_151\jre\lib\ext\jfxrt.jar;D:\Java\jdk1.8.0_151\jre\lib\ext\localedata.jar;D:\Java\jdk1.8.0_151\jre\lib\ext\nashorn.jar;D:\Java\jdk1.8.0_151\jre\lib\ext\sunec.jar;D:\Java\jdk1.8.0_151\jre\lib\ext\sunjce_provider.jar;D:\Java\jdk1.8.0_151\jre\lib\ext\sunmscapi.jar;D:\Java\jdk1.8.0_151\jre\lib\ext\sunpkcs11.jar;D:\Java\jdk1.8.0_151\jre\lib\ext\zipfs.jar;D:\Java\jdk1.8.0_151\jre\lib\javaws.jar;D:\Java\jdk1.8.0_151\jre\lib\jce.jar;D:\Java\jdk1.8.0_151\jre\lib\jfr.jar;D:\Java\jdk1.8.0_151\jre\lib\jfxswt.jar;D:\Java\jdk1.8.0_151\jre\lib\jsse.jar;D:\Java\jdk1.8.0_151\jre\lib\management-agent.jar;D:\Java\jdk1.8.0_151\jre\lib\plugin.jar;D:\Java\jdk1.8.0_151\jre\lib\resources.jar;D:\Java\jdk1.8.0_151\jre\lib\rt.jar;E:\WorkSpace_qf\µÚÈý½×¶Î\hibernate04\target\classes;C:\Users\Administrator\.m2\repository\org\hibernate\hibernate-core\5.2.10.Final\hibernate-core-5.2.10.Final.jar;C:\Users\Administrator\.m2\repository\org\jboss\logging\jboss-logging\3.3.0.Final\jboss-logging-3.3.0.Final.jar;C:\Users\Administrator\.m2\repository\org\hibernate\javax\persistence\hibernate-jpa-2.1-api\1.0.0.Final\hibernate-jpa-2.1-api-1.0.0.Final.jar;C:\Users\Administrator\.m2\repository\org\javassist\javassist\3.20.0-GA\javassist-3.20.0-GA.jar;C:\Users\Administrator\.m2\repository\antlr\antlr\2.7.7\antlr-2.7.7.jar;C:\Users\Administrator\.m2\repository\org\jboss\spec\javax\transaction\jboss-transaction-api_1.2_spec\1.0.1.Final\jboss-transaction-api_1.2_spec-1.0.1.Final.jar;C:\Users\Administrator\.m2\repository\org\jboss\jandex\2.0.3.Final\jandex-2.0.3.Final.jar;C:\Users\Administrator\.m2\repository\com\fasterxml\classmate\1.3.0\classmate-1.3.0.jar;C:\Users\Administrator\.m2\repository\dom4j\do
Launcher Type: SUN_STANDARD

Environment Variables:
JAVA_HOME=D:\Java\jdk1.8.0_151
PATH=D:\Java\jdk1.8.0_151\bin;C:\ProgramData\Oracle\Java\javapath;C:\Windows\system32;C:\Windows;C:\Windows\System32\Wbem;C:\Windows\System32\WindowsPowerShell\v1.0\;D:\Program File\MySQL\bin
USERNAME=Administrator
OS=Windows_NT
PROCESSOR_IDENTIFIER=Intel64 Family 6 Model 23 Stepping 10, GenuineIntel



---------------  S Y S T E M  ---------------

OS: Windows 7 , 64 bit Build 7601 (6.1.7601.23915)

CPU:total 2 (initial active 2) (2 cores per cpu, 1 threads per core) family 6 model 23 stepping 10, cmov, cx8, fxsr, mmx, sse, sse2, sse3, ssse3, sse4.1, tsc

Memory: 4k page, physical 4087836k(567272k free), swap 6183128k(4492k free)

vm_info: Java HotSpot(TM) 64-Bit Server VM (25.151-b12) for windows-amd64 JRE (1.8.0_151-b12), built on Sep  5 2017 19:33:46 by "java_re" with MS VC++ 10.0 (VS2010)

time: Thu Mar 08 11:42:52 2018
elapsed time: 3 seconds (0d 0h 0m 3s)

